Using pre-set license
Built from '2020.3/staging' branch; Version is '2020.3.18f1 (a7d1c678663c) revision 10998214'; Using compiler version '192528614'; Build Type 'Release'
OS: 'Windows 10 Home; OS build 19042.1237; Version 2009; 64bit' Language: 'zh' Physical Memory: 8129 MB
BatchMode: 1, IsHumanControllingUs: 0, StartBugReporterOnCrash: 0, Is64bit: 1, IsPro: 0

COMMAND LINE ARGUMENTS:
G:\Program Files (x86)\Unity\Hub\Editor\2020.3.18f1\Editor\Unity.exe
-adb2
-batchMode
-noUpm
-name
AssetImportWorker2
-projectPath
D:/Study_Things/Learning_Files/Github/Tuesday_211005/Tuesday_211005
-logFile
Logs/AssetImportWorker2.log
-srvPort
53870
Successfully changed project path to: D:/Study_Things/Learning_Files/Github/Tuesday_211005/Tuesday_211005
D:/Study_Things/Learning_Files/Github/Tuesday_211005/Tuesday_211005
Using Asset Import Pipeline V2.
Refreshing native plugins compatible for Editor in 151.21 ms, found 3 plugins.
Preloading 0 native plugins for Editor in 0.00 ms.
Initialize engine version: 2020.3.18f1 (a7d1c678663c)
[Subsystems] Discovering subsystems at path G:/Program Files (x86)/Unity/Hub/Editor/2020.3.18f1/Editor/Data/Resources/UnitySubsystems
[Subsystems] Discovering subsystems at path D:/Study_Things/Learning_Files/Github/Tuesday_211005/Tuesday_211005/Assets
GfxDevice: creating device client; threaded=0
Direct3D:
    Version:  Direct3D 11.0 [level 11.1]
    Renderer: NVIDIA GeForce GTX 1050 (ID=0x1c81)
    Vendor:   
    VRAM:     1977 MB
    Driver:   27.21.14.5671
Initialize mono
Mono path[0] = 'G:/Program Files (x86)/Unity/Hub/Editor/2020.3.18f1/Editor/Data/Managed'
Mono path[1] = 'G:/Program Files (x86)/Unity/Hub/Editor/2020.3.18f1/Editor/Data/MonoBleedingEdge/lib/mono/unityjit'
Mono config path = 'G:/Program Files (x86)/Unity/Hub/Editor/2020.3.18f1/Editor/Data/MonoBleedingEdge/etc'
Using monoOptions --debugger-agent=transport=dt_socket,embedding=1,server=y,suspend=n,address=127.0.0.1:56724
Begin MonoManager ReloadAssembly
Registering precompiled unity dll's ...
Register platform support module: G:/Program Files (x86)/Unity/Hub/Editor/2020.3.18f1/Editor/Data/PlaybackEngines/WindowsStandaloneSupport/UnityEditor.WindowsStandalone.Extensions.dll
Registered in 0.001522 seconds.
Native extension for WindowsStandalone target not found
Refreshing native plugins compatible for Editor in 97.48 ms, found 3 plugins.
Preloading 0 native plugins for Editor in 0.00 ms.
Mono: successfully reloaded assembly
- Completed reload, in  1.542 seconds
Domain Reload Profiling:
	ReloadAssembly (1543ms)
		BeginReloadAssembly (77ms)
			ExecutionOrderSort (0ms)
			DisableScriptedObjects (0ms)
			BackupInstance (0ms)
			ReleaseScriptingObjects (0ms)
			CreateAndSetChildDomain (1ms)
		EndReloadAssembly (630ms)
			LoadAssemblies (76ms)
			RebuildTransferFunctionScriptingTraits (0ms)
			SetupTypeCache (216ms)
			ReleaseScriptCaches (0ms)
			RebuildScriptCaches (41ms)
			SetupLoadedEditorAssemblies (277ms)
				LogAssemblyErrors (0ms)
				InitializePlatformSupportModulesInManaged (5ms)
				SetLoadedEditorAssemblies (0ms)
				RefreshPlugins (98ms)
				BeforeProcessingInitializeOnLoad (12ms)
				ProcessInitializeOnLoadAttributes (126ms)
				ProcessInitializeOnLoadMethodAttributes (37ms)
				AfterProcessingInitializeOnLoad (0ms)
				EditorAssembliesLoaded (0ms)
			ExecutionOrderSort2 (0ms)
			AwakeInstancesAfterBackupRestoration (0ms)
Platform modules already initialized, skipping
Registering precompiled user dll's ...
Registered in 0.003488 seconds.
Begin MonoManager ReloadAssembly
Native extension for WindowsStandalone target not found
Refreshing native plugins compatible for Editor in 93.11 ms, found 3 plugins.
Preloading 0 native plugins for Editor in 0.00 ms.
Mono: successfully reloaded assembly
- Completed reload, in  3.739 seconds
Domain Reload Profiling:
	ReloadAssembly (3773ms)
		BeginReloadAssembly (265ms)
			ExecutionOrderSort (0ms)
			DisableScriptedObjects (8ms)
			BackupInstance (0ms)
			ReleaseScriptingObjects (0ms)
			CreateAndSetChildDomain (57ms)
		EndReloadAssembly (3418ms)
			LoadAssemblies (1010ms)
			RebuildTransferFunctionScriptingTraits (0ms)
			SetupTypeCache (865ms)
			ReleaseScriptCaches (1ms)
			RebuildScriptCaches (109ms)
			SetupLoadedEditorAssemblies (852ms)
				LogAssemblyErrors (0ms)
				InitializePlatformSupportModulesInManaged (7ms)
				SetLoadedEditorAssemblies (0ms)
				RefreshPlugins (93ms)
				BeforeProcessingInitializeOnLoad (114ms)
				ProcessInitializeOnLoadAttributes (591ms)
				ProcessInitializeOnLoadMethodAttributes (43ms)
				AfterProcessingInitializeOnLoad (4ms)
				EditorAssembliesLoaded (0ms)
			ExecutionOrderSort2 (0ms)
			AwakeInstancesAfterBackupRestoration (8ms)
Platform modules already initialized, skipping
========================================================================
Worker process is ready to serve import requests
Launched and connected shader compiler UnityShaderCompiler.exe after 0.34 seconds
Refreshing native plugins compatible for Editor in 0.98 ms, found 3 plugins.
Preloading 0 native plugins for Editor in 0.00 ms.
Unloading 2561 Unused Serialized files (Serialized files now loaded: 0)
System memory in use before: 118.1 MB.
System memory in use after: 118.3 MB.

Unloading 27 unused Assets to reduce memory usage. Loaded Objects now: 3001.
Total: 6.153200 ms (FindLiveObjects: 0.562000 ms CreateObjectMapping: 1.200300 ms MarkObjects: 4.263300 ms  DeleteObjects: 0.124200 ms)

AssetImportParameters requested are different than current active one (requested -> active):
  custom:framework-win-MediaFoundation: 216162199b28c13a410421893ffa2e32 -> 
  custom:video-decoder-ogg-theora: a1e56fd34408186e4bbccfd4996cb3dc -> 
  custom:container-muxer-webm: aa71ff27fc2769a1b78a27578f13a17b -> 
  custom:container-demuxer-webm: 4f35f7cbe854078d1ac9338744f61a02 -> 
  custom:container-demuxer-ogg: 62fdf1f143b41e24485cea50d1cbac27 -> 
  custom:video-encoder-webm-vp8: eb34c28f22e8b96e1ab97ce403110664 -> 
  custom:video-codec-MediaFoundation-h265: 746d11721c4dcdbdad8f713fa42b33f4 -> 
  custom:video-decoder-webm-vp8: 9c59270c3fd7afecdb556c50c9e8de78 -> 
  custom:audio-decoder-ogg-vorbis: bf7c407c2cedff20999df2af8eb42d56 -> 
  custom:audio-encoder-webm-vorbis: bf7c407c2cedff20999df2af8eb42d56 -> 
========================================================================
Received Import Request.
  path: Assets/2DGamekit/Readme.asset
  artifactKey: Guid(83c2ed844a8c74b779a4c823d16594b1) Importer(815301076,1909f56bfc062723c751e8b465ee728b)
Start importing Assets/2DGamekit/Readme.asset using Guid(83c2ed844a8c74b779a4c823d16594b1) Importer(815301076,1909f56bfc062723c751e8b465ee728b)  -> (artifact id: 'd6c7e89498f213c04f7580f79f64ffae') in 0.141129 seconds 
  Import took 0.159505 seconds .

========================================================================
Received Prepare
Registering precompiled user dll's ...
Registered in 0.004464 seconds.
Begin MonoManager ReloadAssembly
Native extension for WindowsStandalone target not found
Refreshing native plugins compatible for Editor in 0.78 ms, found 3 plugins.
Preloading 0 native plugins for Editor in 0.00 ms.
Mono: successfully reloaded assembly
- Completed reload, in  1.621 seconds
Domain Reload Profiling:
	ReloadAssembly (1622ms)
		BeginReloadAssembly (166ms)
			ExecutionOrderSort (0ms)
			DisableScriptedObjects (9ms)
			BackupInstance (0ms)
			ReleaseScriptingObjects (0ms)
			CreateAndSetChildDomain (57ms)
		EndReloadAssembly (1376ms)
			LoadAssemblies (138ms)
			RebuildTransferFunctionScriptingTraits (0ms)
			SetupTypeCache (510ms)
			ReleaseScriptCaches (2ms)
			RebuildScriptCaches (76ms)
			SetupLoadedEditorAssemblies (486ms)
				LogAssemblyErrors (0ms)
				InitializePlatformSupportModulesInManaged (6ms)
				SetLoadedEditorAssemblies (1ms)
				RefreshPlugins (1ms)
				BeforeProcessingInitializeOnLoad (96ms)
				ProcessInitializeOnLoadAttributes (367ms)
				ProcessInitializeOnLoadMethodAttributes (12ms)
				AfterProcessingInitializeOnLoad (4ms)
				EditorAssembliesLoaded (0ms)
			ExecutionOrderSort2 (0ms)
			AwakeInstancesAfterBackupRestoration (16ms)
Platform modules already initialized, skipping
Refreshing native plugins compatible for Editor in 0.93 ms, found 3 plugins.
Preloading 0 native plugins for Editor in 0.00 ms.
Unloading 2503 Unused Serialized files (Serialized files now loaded: 0)
System memory in use before: 112.9 MB.
System memory in use after: 113.2 MB.

Unloading 15 unused Assets to reduce memory usage. Loaded Objects now: 3004.
Total: 4.677500 ms (FindLiveObjects: 0.334800 ms CreateObjectMapping: 0.216000 ms MarkObjects: 4.082400 ms  DeleteObjects: 0.042900 ms)

AssetImportParameters requested are different than current active one (requested -> active):
  custom:framework-win-MediaFoundation: 216162199b28c13a410421893ffa2e32 -> 
  custom:video-decoder-ogg-theora: a1e56fd34408186e4bbccfd4996cb3dc -> 
  custom:container-muxer-webm: aa71ff27fc2769a1b78a27578f13a17b -> 
  custom:container-demuxer-webm: 4f35f7cbe854078d1ac9338744f61a02 -> 
  custom:container-demuxer-ogg: 62fdf1f143b41e24485cea50d1cbac27 -> 
  custom:video-encoder-webm-vp8: eb34c28f22e8b96e1ab97ce403110664 -> 
  custom:video-codec-MediaFoundation-h265: 746d11721c4dcdbdad8f713fa42b33f4 -> 
  custom:video-decoder-webm-vp8: 9c59270c3fd7afecdb556c50c9e8de78 -> 
  custom:audio-decoder-ogg-vorbis: bf7c407c2cedff20999df2af8eb42d56 -> 
  custom:audio-encoder-webm-vorbis: bf7c407c2cedff20999df2af8eb42d56 -> 
========================================================================
Received Prepare
Registering precompiled user dll's ...
Registered in 0.003380 seconds.
Begin MonoManager ReloadAssembly
Native extension for WindowsStandalone target not found
Refreshing native plugins compatible for Editor in 0.73 ms, found 3 plugins.
Preloading 0 native plugins for Editor in 0.00 ms.
Mono: successfully reloaded assembly
- Completed reload, in  1.502 seconds
Domain Reload Profiling:
	ReloadAssembly (1503ms)
		BeginReloadAssembly (178ms)
			ExecutionOrderSort (0ms)
			DisableScriptedObjects (11ms)
			BackupInstance (0ms)
			ReleaseScriptingObjects (0ms)
			CreateAndSetChildDomain (70ms)
		EndReloadAssembly (1247ms)
			LoadAssemblies (137ms)
			RebuildTransferFunctionScriptingTraits (0ms)
			SetupTypeCache (493ms)
			ReleaseScriptCaches (1ms)
			RebuildScriptCaches (71ms)
			SetupLoadedEditorAssemblies (397ms)
				LogAssemblyErrors (0ms)
				InitializePlatformSupportModulesInManaged (6ms)
				SetLoadedEditorAssemblies (1ms)
				RefreshPlugins (1ms)
				BeforeProcessingInitializeOnLoad (78ms)
				ProcessInitializeOnLoadAttributes (300ms)
				ProcessInitializeOnLoadMethodAttributes (7ms)
				AfterProcessingInitializeOnLoad (4ms)
				EditorAssembliesLoaded (0ms)
			ExecutionOrderSort2 (0ms)
			AwakeInstancesAfterBackupRestoration (13ms)
Platform modules already initialized, skipping
Refreshing native plugins compatible for Editor in 0.97 ms, found 3 plugins.
Preloading 0 native plugins for Editor in 0.00 ms.
Unloading 2503 Unused Serialized files (Serialized files now loaded: 0)
System memory in use before: 113.0 MB.
System memory in use after: 113.2 MB.

Unloading 15 unused Assets to reduce memory usage. Loaded Objects now: 3007.
Total: 6.734000 ms (FindLiveObjects: 0.358800 ms CreateObjectMapping: 0.157600 ms MarkObjects: 6.181300 ms  DeleteObjects: 0.034900 ms)

AssetImportParameters requested are different than current active one (requested -> active):
  custom:framework-win-MediaFoundation: 216162199b28c13a410421893ffa2e32 -> 
  custom:video-decoder-ogg-theora: a1e56fd34408186e4bbccfd4996cb3dc -> 
  custom:container-muxer-webm: aa71ff27fc2769a1b78a27578f13a17b -> 
  custom:container-demuxer-webm: 4f35f7cbe854078d1ac9338744f61a02 -> 
  custom:container-demuxer-ogg: 62fdf1f143b41e24485cea50d1cbac27 -> 
  custom:video-encoder-webm-vp8: eb34c28f22e8b96e1ab97ce403110664 -> 
  custom:video-codec-MediaFoundation-h265: 746d11721c4dcdbdad8f713fa42b33f4 -> 
  custom:video-decoder-webm-vp8: 9c59270c3fd7afecdb556c50c9e8de78 -> 
  custom:audio-decoder-ogg-vorbis: bf7c407c2cedff20999df2af8eb42d56 -> 
  custom:audio-encoder-webm-vorbis: bf7c407c2cedff20999df2af8eb42d56 -> 
========================================================================
Received Import Request.
  Time since last request: 3605.538061 seconds.
  path: Assets/2DGamekit/Art/Sprites/Environment/Alcove.png
  artifactKey: Guid(aac9a30c9c349534990e2d84f22e7b28) Importer(815301076,1909f56bfc062723c751e8b465ee728b)
Start importing Assets/2DGamekit/Art/Sprites/Environment/Alcove.png using Guid(aac9a30c9c349534990e2d84f22e7b28) Importer(815301076,1909f56bfc062723c751e8b465ee728b)  -> (artifact id: 'c2bc45c15458a16f349c92c805b73475') in 0.266379 seconds 
  Import took 0.277065 seconds .

========================================================================
Received Import Request.
  Time since last request: 0.000279 seconds.
  path: Assets/2DGamekit/Art/Sprites/Environment/Stomper.png
  artifactKey: Guid(5b1b4c6a322b7384c86770187e0fae10) Importer(815301076,1909f56bfc062723c751e8b465ee728b)
Start importing Assets/2DGamekit/Art/Sprites/Environment/Stomper.png using Guid(5b1b4c6a322b7384c86770187e0fae10) Importer(815301076,1909f56bfc062723c751e8b465ee728b)  -> (artifact id: '24269d9a83b7b299c3df52a1f32244b5') in 0.078129 seconds 
  Import took 0.088008 seconds .

========================================================================
Received Import Request.
  Time since last request: 0.000248 seconds.
  path: Assets/2DGamekit/Art/Sprites/Environment/StonesNormal.png
  artifactKey: Guid(ee492e7bbdc1cd247ab2e6527436bdb9) Importer(815301076,1909f56bfc062723c751e8b465ee728b)
Start importing Assets/2DGamekit/Art/Sprites/Environment/StonesNormal.png using Guid(ee492e7bbdc1cd247ab2e6527436bdb9) Importer(815301076,1909f56bfc062723c751e8b465ee728b)  -> (artifact id: 'e5ded3fcff4633742e9458116ec39bec') in 0.116116 seconds 
  Import took 0.124470 seconds .

========================================================================
Received Import Request.
  Time since last request: 0.000268 seconds.
  path: Assets/2DGamekit/Art/Sprites/Environment/Spiderwebs.png
  artifactKey: Guid(8a054d1ecee1b154eab5cf67c3d481e6) Importer(815301076,1909f56bfc062723c751e8b465ee728b)
Start importing Assets/2DGamekit/Art/Sprites/Environment/Spiderwebs.png using Guid(8a054d1ecee1b154eab5cf67c3d481e6) Importer(815301076,1909f56bfc062723c751e8b465ee728b)  -> (artifact id: '2117e22adc96b06555ecd2eec6e7685a') in 0.138816 seconds 
  Import took 0.148339 seconds .

========================================================================
Received Import Request.
  Time since last request: 0.000206 seconds.
  path: Assets/2DGamekit/Art/Sprites/Environment/BGPlants.png
  artifactKey: Guid(776d10e19ab11c44a8271fc18a42ab83) Importer(815301076,1909f56bfc062723c751e8b465ee728b)
Start importing Assets/2DGamekit/Art/Sprites/Environment/BGPlants.png using Guid(776d10e19ab11c44a8271fc18a42ab83) Importer(815301076,1909f56bfc062723c751e8b465ee728b)  -> (artifact id: '912b96b9f8563b056e9b34b3903592a1') in 0.228470 seconds 
  Import took 0.234081 seconds .

========================================================================
Received Import Request.
  Time since last request: 0.000290 seconds.
  path: Assets/2DGamekit/Art/Sprites/Environment/BGRock01.png
  artifactKey: Guid(993c10c45f6b25e4c9b51f192b34fa12) Importer(815301076,1909f56bfc062723c751e8b465ee728b)
Start importing Assets/2DGamekit/Art/Sprites/Environment/BGRock01.png using Guid(993c10c45f6b25e4c9b51f192b34fa12) Importer(815301076,1909f56bfc062723c751e8b465ee728b)  -> (artifact id: 'a4e545b9a508e0a2af620738528f2041') in 0.068229 seconds 
  Import took 0.074513 seconds .

========================================================================
Received Import Request.
  Time since last request: 0.000239 seconds.
  path: Assets/2DGamekit/Art/Sprites/Environment/BGRock03.png
  artifactKey: Guid(5222c5dbe44c8494da11d0cdcf795f18) Importer(815301076,1909f56bfc062723c751e8b465ee728b)
Start importing Assets/2DGamekit/Art/Sprites/Environment/BGRock03.png using Guid(5222c5dbe44c8494da11d0cdcf795f18) Importer(815301076,1909f56bfc062723c751e8b465ee728b)  -> (artifact id: '215dd8b3f298d88948a054a133ac5827') in 0.065368 seconds 
  Import took 0.071694 seconds .

========================================================================
Received Import Request.
  Time since last request: 0.000208 seconds.
  path: Assets/2DGamekit/Art/Sprites/Environment/AlienStatue02.png
  artifactKey: Guid(faafa9f154d9ab24a83b389ff29572b5) Importer(815301076,1909f56bfc062723c751e8b465ee728b)
Start importing Assets/2DGamekit/Art/Sprites/Environment/AlienStatue02.png using Guid(faafa9f154d9ab24a83b389ff29572b5) Importer(815301076,1909f56bfc062723c751e8b465ee728b)  -> (artifact id: '87428de6cb104de364cb930e0946d33f') in 0.079207 seconds 
  Import took 0.086728 seconds .

========================================================================
Received Import Request.
  Time since last request: 0.000226 seconds.
  path: Assets/2DGamekit/Art/Sprites/Environment/AproachingWallPattern.png
  artifactKey: Guid(eb4fe75c66482e849abe326d94453aed) Importer(815301076,1909f56bfc062723c751e8b465ee728b)
Start importing Assets/2DGamekit/Art/Sprites/Environment/AproachingWallPattern.png using Guid(eb4fe75c66482e849abe326d94453aed) Importer(815301076,1909f56bfc062723c751e8b465ee728b)  -> (artifact id: '76bdfa9c43f2e636e25583eb38ff0cd4') in 0.126292 seconds 
  Import took 0.144707 seconds .

========================================================================
Received Import Request.
  Time since last request: 0.000330 seconds.
  path: Assets/2DGamekit/Art/Sprites/Environment/Clouds.png
  artifactKey: Guid(76465a0a33addfa4686beca3ade8fc17) Importer(815301076,1909f56bfc062723c751e8b465ee728b)
Start importing Assets/2DGamekit/Art/Sprites/Environment/Clouds.png using Guid(76465a0a33addfa4686beca3ade8fc17) Importer(815301076,1909f56bfc062723c751e8b465ee728b)  -> (artifact id: '7bb8883432bf5e6cfd649955a04231b8') in 0.190247 seconds 
  Import took 0.197502 seconds .

========================================================================
Received Import Request.
  Time since last request: 0.000236 seconds.
  path: Assets/2DGamekit/Art/Sprites/Environment/AlienBlock03.png
  artifactKey: Guid(ca5192f854a90464882497f5fd74cd6f) Importer(815301076,1909f56bfc062723c751e8b465ee728b)
Start importing Assets/2DGamekit/Art/Sprites/Environment/AlienBlock03.png using Guid(ca5192f854a90464882497f5fd74cd6f) Importer(815301076,1909f56bfc062723c751e8b465ee728b)  -> (artifact id: '56d6d593c3b97f5f20dc4c76f968b44d') in 0.062826 seconds 
  Import took 0.070167 seconds .

========================================================================
Received Import Request.
  Time since last request: 0.000293 seconds.
  path: Assets/2DGamekit/Art/Sprites/Environment/DropshipNormal.png
  artifactKey: Guid(a5281d59b9115324985b9d52e114cf39) Importer(815301076,1909f56bfc062723c751e8b465ee728b)
Start importing Assets/2DGamekit/Art/Sprites/Environment/DropshipNormal.png using Guid(a5281d59b9115324985b9d52e114cf39) Importer(815301076,1909f56bfc062723c751e8b465ee728b)  -> (artifact id: 'd25c03ce82e3c1508eb32ce7c3e1adea') in 0.067515 seconds 
  Import took 0.074447 seconds .

========================================================================
Received Import Request.
  Time since last request: 0.000285 seconds.
  path: Assets/2DGamekit/Art/Sprites/Environment/AlienSculpture02.png
  artifactKey: Guid(919a7cf0955fefa4bae70cbb6fe2b6da) Importer(815301076,1909f56bfc062723c751e8b465ee728b)
Start importing Assets/2DGamekit/Art/Sprites/Environment/AlienSculpture02.png using Guid(919a7cf0955fefa4bae70cbb6fe2b6da) Importer(815301076,1909f56bfc062723c751e8b465ee728b)  -> (artifact id: 'e652f6014847379a925b397578a21e1f') in 0.071733 seconds 
  Import took 0.081602 seconds .

========================================================================
Received Import Request.
  Time since last request: 0.000260 seconds.
  path: Assets/2DGamekit/Art/Sprites/Environment/Stomper02.png
  artifactKey: Guid(582488cb3c7706445868227da7f9fe68) Importer(815301076,1909f56bfc062723c751e8b465ee728b)
Start importing Assets/2DGamekit/Art/Sprites/Environment/Stomper02.png using Guid(582488cb3c7706445868227da7f9fe68) Importer(815301076,1909f56bfc062723c751e8b465ee728b)  -> (artifact id: 'e224bb5e0fa67b768a8cd2f7683903be') in 0.066498 seconds 
  Import took 0.074750 seconds .

========================================================================
Received Import Request.
  Time since last request: 0.000268 seconds.
  path: Assets/2DGamekit/Art/Sprites/Environment/AlienSculpture03.png
  artifactKey: Guid(b90e5ea9554d1e84d962fcfd0512a9b4) Importer(815301076,1909f56bfc062723c751e8b465ee728b)
Start importing Assets/2DGamekit/Art/Sprites/Environment/AlienSculpture03.png using Guid(b90e5ea9554d1e84d962fcfd0512a9b4) Importer(815301076,1909f56bfc062723c751e8b465ee728b)  -> (artifact id: '6fbc93196d4fe33edbfaff9956888fb2') in 0.095575 seconds 
  Import took 0.106883 seconds .

========================================================================
Received Import Request.
  Time since last request: 0.000290 seconds.
  path: Assets/2DGamekit/Art/Sprites/Environment/FloatingRocks.png
  artifactKey: Guid(e49210b2eba9a5442b6fe40c91776cd2) Importer(815301076,1909f56bfc062723c751e8b465ee728b)
Start importing Assets/2DGamekit/Art/Sprites/Environment/FloatingRocks.png using Guid(e49210b2eba9a5442b6fe40c91776cd2) Importer(815301076,1909f56bfc062723c751e8b465ee728b)  -> (artifact id: 'caad84f2169b730b13d7360d1b1bb7e9') in 0.220859 seconds 
  Import took 0.232666 seconds .

========================================================================
Received Import Request.
  Time since last request: 0.001085 seconds.
  path: Assets/2DGamekit/Art/Sprites/Environment/AlienStatue05.png
  artifactKey: Guid(600064507324d1149b26bb86c93e1fd3) Importer(815301076,1909f56bfc062723c751e8b465ee728b)
Start importing Assets/2DGamekit/Art/Sprites/Environment/AlienStatue05.png using Guid(600064507324d1149b26bb86c93e1fd3) Importer(815301076,1909f56bfc062723c751e8b465ee728b)  -> (artifact id: '3ea11269f5a079a2f82e0ea72c9c9102') in 0.127173 seconds 
  Import took 0.134700 seconds .

========================================================================
Received Import Request.
  Time since last request: 0.000278 seconds.
  path: Assets/2DGamekit/Art/Sprites/Environment/AlienSculpture01.png
  artifactKey: Guid(e7f21eb158d2cb945803f2614edc07f8) Importer(815301076,1909f56bfc062723c751e8b465ee728b)
Start importing Assets/2DGamekit/Art/Sprites/Environment/AlienSculpture01.png using Guid(e7f21eb158d2cb945803f2614edc07f8) Importer(815301076,1909f56bfc062723c751e8b465ee728b)  -> (artifact id: '8933db5c1e8db715dd274243c919ce0c') in 0.042873 seconds 
  Import took 0.049749 seconds .

========================================================================
Received Import Request.
  Time since last request: 0.000393 seconds.
  path: Assets/2DGamekit/Art/Sprites/Environment/AlienFlora.png
  artifactKey: Guid(6e43932fcf79bb44881725c7dba2dfde) Importer(815301076,1909f56bfc062723c751e8b465ee728b)
Start importing Assets/2DGamekit/Art/Sprites/Environment/AlienFlora.png using Guid(6e43932fcf79bb44881725c7dba2dfde) Importer(815301076,1909f56bfc062723c751e8b465ee728b)  -> (artifact id: 'a40b223833108fa30f684c6a1ea1bb5d') in 0.385811 seconds 
  Import took 0.400860 seconds .

========================================================================
Received Import Request.
  Time since last request: 0.000343 seconds.
  path: Assets/2DGamekit/Art/Sprites/Environment/LowerPlants5.png
  artifactKey: Guid(6abd01d1bd500b7468e35f5fc76023ea) Importer(815301076,1909f56bfc062723c751e8b465ee728b)
Start importing Assets/2DGamekit/Art/Sprites/Environment/LowerPlants5.png using Guid(6abd01d1bd500b7468e35f5fc76023ea) Importer(815301076,1909f56bfc062723c751e8b465ee728b)  -> (artifact id: 'dbd11082a02ced391558feb3bfd601cc') in 0.300000 seconds 
  Import took 0.309050 seconds .

========================================================================
Received Import Request.
  Time since last request: 0.000314 seconds.
  path: Assets/2DGamekit/Art/Sprites/Environment/DistantMount(tilable).png
  artifactKey: Guid(562939ad906ef07468206650fdfd5735) Importer(815301076,1909f56bfc062723c751e8b465ee728b)
Start importing Assets/2DGamekit/Art/Sprites/Environment/DistantMount(tilable).png using Guid(562939ad906ef07468206650fdfd5735) Importer(815301076,1909f56bfc062723c751e8b465ee728b)  -> (artifact id: '944aa1e4062cc5bfe20161c715b77ab0') in 0.059838 seconds 
  Import took 0.066310 seconds .

========================================================================
Received Import Request.
  Time since last request: 0.000247 seconds.
  path: Assets/2DGamekit/Art/Sprites/Environment/LowerPlants4.png
  artifactKey: Guid(ca959e4b1f739134eb2418d8e56c04b6) Importer(815301076,1909f56bfc062723c751e8b465ee728b)
Start importing Assets/2DGamekit/Art/Sprites/Environment/LowerPlants4.png using Guid(ca959e4b1f739134eb2418d8e56c04b6) Importer(815301076,1909f56bfc062723c751e8b465ee728b)  -> (artifact id: 'de1f867886ceedc74a68c24f8a38aff3') in 0.130199 seconds 
  Import took 0.139967 seconds .

========================================================================
Received Import Request.
  Time since last request: 0.000213 seconds.
  path: Assets/2DGamekit/Art/Sprites/Environment/BGRock04.png
  artifactKey: Guid(6eba019cb0240eb4d9d8a2d06a7d6453) Importer(815301076,1909f56bfc062723c751e8b465ee728b)
Start importing Assets/2DGamekit/Art/Sprites/Environment/BGRock04.png using Guid(6eba019cb0240eb4d9d8a2d06a7d6453) Importer(815301076,1909f56bfc062723c751e8b465ee728b)  -> (artifact id: 'f10538fecb97652fb3429219df66d10c') in 0.054150 seconds 
  Import took 0.059168 seconds .

========================================================================
Received Import Request.
  Time since last request: 0.000237 seconds.
  path: Assets/2DGamekit/Art/Sprites/Environment/BGRock02.png
  artifactKey: Guid(5d7509e35f3ef834b8e75f8b1890b4e5) Importer(815301076,1909f56bfc062723c751e8b465ee728b)
Start importing Assets/2DGamekit/Art/Sprites/Environment/BGRock02.png using Guid(5d7509e35f3ef834b8e75f8b1890b4e5) Importer(815301076,1909f56bfc062723c751e8b465ee728b)  -> (artifact id: '6c9547a7ccc228db84264b528aaa39b9') in 0.056494 seconds 
  Import took 0.062891 seconds .

========================================================================
Received Import Request.
  Time since last request: 0.000249 seconds.
  path: Assets/2DGamekit/Art/Sprites/Environment/Chomper02.png
  artifactKey: Guid(57fc8c26f694d2249a11c5fee50ec125) Importer(815301076,1909f56bfc062723c751e8b465ee728b)
Start importing Assets/2DGamekit/Art/Sprites/Environment/Chomper02.png using Guid(57fc8c26f694d2249a11c5fee50ec125) Importer(815301076,1909f56bfc062723c751e8b465ee728b)  -> (artifact id: 'c76e1211facf649e89b6e77839531f39') in 0.043503 seconds 
  Import took 0.048736 seconds .

========================================================================
Received Import Request.
  Time since last request: 0.000239 seconds.
  path: Assets/2DGamekit/Art/Sprites/Environment/Dropship.png
  artifactKey: Guid(1729de44d07c57f4e87192de411a0486) Importer(815301076,1909f56bfc062723c751e8b465ee728b)
Start importing Assets/2DGamekit/Art/Sprites/Environment/Dropship.png using Guid(1729de44d07c57f4e87192de411a0486) Importer(815301076,1909f56bfc062723c751e8b465ee728b)  -> (artifact id: '116d74fe1cb2e12187d02ceffb1f5f8b') in 0.107135 seconds 
  Import took 0.114280 seconds .

========================================================================
Received Import Request.
  Time since last request: 0.000291 seconds.
  path: Assets/2DGamekit/Art/Sprites/Environment/WallTile.png
  artifactKey: Guid(6aa3a976ac9ecc54aad638ffbf4e67c6) Importer(815301076,1909f56bfc062723c751e8b465ee728b)
Start importing Assets/2DGamekit/Art/Sprites/Environment/WallTile.png using Guid(6aa3a976ac9ecc54aad638ffbf4e67c6) Importer(815301076,1909f56bfc062723c751e8b465ee728b)  -> (artifact id: 'ab94e7c6e39cf4edf0435c0f9a819eb8') in 0.057230 seconds 
  Import took 0.062662 seconds .

========================================================================
Received Import Request.
  Time since last request: 0.000250 seconds.
  path: Assets/2DGamekit/Art/Sprites/Environment/AlienSculpture01b.png
  artifactKey: Guid(d3e03fee1fd37c149bb5203b490f0baa) Importer(815301076,1909f56bfc062723c751e8b465ee728b)
Start importing Assets/2DGamekit/Art/Sprites/Environment/AlienSculpture01b.png using Guid(d3e03fee1fd37c149bb5203b490f0baa) Importer(815301076,1909f56bfc062723c751e8b465ee728b)  -> (artifact id: '595dbac7fe96cf2b82deea52fa94f2d5') in 0.069728 seconds 
  Import took 0.075722 seconds .

========================================================================
Received Import Request.
  Time since last request: 0.000257 seconds.
  path: Assets/2DGamekit/Art/Sprites/Environment/PlantMidSized.png
  artifactKey: Guid(cad6f8f282a98b04b9027eadbdb78451) Importer(815301076,1909f56bfc062723c751e8b465ee728b)
Start importing Assets/2DGamekit/Art/Sprites/Environment/PlantMidSized.png using Guid(cad6f8f282a98b04b9027eadbdb78451) Importer(815301076,1909f56bfc062723c751e8b465ee728b)  -> (artifact id: '39dec68f7a8a4fb7e083d4a9ef2cb37a') in 0.097926 seconds 
  Import took 0.111107 seconds .

========================================================================
Received Import Request.
  Time since last request: 0.000277 seconds.
  path: Assets/2DGamekit/Art/Sprites/Environment/LowerPlants6.png
  artifactKey: Guid(14ad88aa05b531d40bb7667bf21651eb) Importer(815301076,1909f56bfc062723c751e8b465ee728b)
Start importing Assets/2DGamekit/Art/Sprites/Environment/LowerPlants6.png using Guid(14ad88aa05b531d40bb7667bf21651eb) Importer(815301076,1909f56bfc062723c751e8b465ee728b)  -> (artifact id: 'c14eea900b3859a4d74a411caac0355b') in 0.108120 seconds 
  Import took 0.113087 seconds .

========================================================================
Received Import Request.
  Time since last request: 0.000249 seconds.
  path: Assets/2DGamekit/Art/Sprites/Environment/LowerPlants3.png
  artifactKey: Guid(2b30fc6e4ddac2545af6462ae063edad) Importer(815301076,1909f56bfc062723c751e8b465ee728b)
Start importing Assets/2DGamekit/Art/Sprites/Environment/LowerPlants3.png using Guid(2b30fc6e4ddac2545af6462ae063edad) Importer(815301076,1909f56bfc062723c751e8b465ee728b)  -> (artifact id: 'caec8a924244d90f6f89024664d8b623') in 0.214315 seconds 
  Import took 0.220422 seconds .

========================================================================
Received Import Request.
  Time since last request: 0.000289 seconds.
  path: Assets/2DGamekit/Art/Sprites/Environment/AlienBlock01.png
  artifactKey: Guid(27d3b077540489548895b070354e048e) Importer(815301076,1909f56bfc062723c751e8b465ee728b)
Start importing Assets/2DGamekit/Art/Sprites/Environment/AlienBlock01.png using Guid(27d3b077540489548895b070354e048e) Importer(815301076,1909f56bfc062723c751e8b465ee728b)  -> (artifact id: 'c66201ea276f7647033a7ab1a2ee0df6') in 0.064280 seconds 
  Import took 0.069960 seconds .

========================================================================
Received Import Request.
  Time since last request: 0.000232 seconds.
  path: Assets/2DGamekit/Art/Sprites/Environment/WallTileEnd.png
  artifactKey: Guid(804743266b3b62d428e86255220b6694) Importer(815301076,1909f56bfc062723c751e8b465ee728b)
Start importing Assets/2DGamekit/Art/Sprites/Environment/WallTileEnd.png using Guid(804743266b3b62d428e86255220b6694) Importer(815301076,1909f56bfc062723c751e8b465ee728b)  -> (artifact id: '0b2e70a4b368fdbabdf2126775d8e6c9') in 0.054420 seconds 
  Import took 0.063850 seconds .

========================================================================
Received Import Request.
  Time since last request: 0.000237 seconds.
  path: Assets/2DGamekit/Art/Sprites/Environment/AlienBlock01.png
  artifactKey: Guid(27d3b077540489548895b070354e048e) Importer(815301076,1909f56bfc062723c751e8b465ee728b)
Start importing Assets/2DGamekit/Art/Sprites/Environment/AlienBlock01.png using Guid(27d3b077540489548895b070354e048e) Importer(815301076,1909f56bfc062723c751e8b465ee728b)  -> (artifact id: 'c66201ea276f7647033a7ab1a2ee0df6') in 0.023522 seconds 
  Import took 0.029007 seconds .

========================================================================
Received Import Request.
  Time since last request: 0.000462 seconds.
  path: Assets/2DGamekit/Art/Sprites/Environment/UndergroundRoots.png
  artifactKey: Guid(a0db901905a42bb4397f3268337c528b) Importer(815301076,1909f56bfc062723c751e8b465ee728b)
Start importing Assets/2DGamekit/Art/Sprites/Environment/UndergroundRoots.png using Guid(a0db901905a42bb4397f3268337c528b) Importer(815301076,1909f56bfc062723c751e8b465ee728b)  -> (artifact id: '37522eb429e5a77ec271076b3280cf7b') in 0.071994 seconds 
  Import took 0.080336 seconds .

========================================================================
Received Import Request.
  Time since last request: 0.000261 seconds.
  path: Assets/2DGamekit/Art/Sprites/Environment/AlienBlock05.png
  artifactKey: Guid(1bdb3ae754025874c8232697a4529489) Importer(815301076,1909f56bfc062723c751e8b465ee728b)
Start importing Assets/2DGamekit/Art/Sprites/Environment/AlienBlock05.png using Guid(1bdb3ae754025874c8232697a4529489) Importer(815301076,1909f56bfc062723c751e8b465ee728b)  -> (artifact id: 'ab686243248012fa465d658dd475fb39') in 0.047248 seconds 
  Import took 0.052610 seconds .

========================================================================
Received Import Request.
  Time since last request: 0.000193 seconds.
  path: Assets/2DGamekit/Art/Sprites/Environment/Rubble.png
  artifactKey: Guid(d76850a37a3b5144093c7940ae562b4b) Importer(815301076,1909f56bfc062723c751e8b465ee728b)
Start importing Assets/2DGamekit/Art/Sprites/Environment/Rubble.png using Guid(d76850a37a3b5144093c7940ae562b4b) Importer(815301076,1909f56bfc062723c751e8b465ee728b)  -> (artifact id: 'b397cf2f4e1ce7783570a90d5690bdeb') in 0.104598 seconds 
  Import took 0.110232 seconds .

========================================================================
Received Import Request.
  Time since last request: 0.000258 seconds.
  path: Assets/2DGamekit/Art/Sprites/Environment/WallTile02.png
  artifactKey: Guid(62d2808515efe6d4897f8d8cd5218f31) Importer(815301076,1909f56bfc062723c751e8b465ee728b)
Start importing Assets/2DGamekit/Art/Sprites/Environment/WallTile02.png using Guid(62d2808515efe6d4897f8d8cd5218f31) Importer(815301076,1909f56bfc062723c751e8b465ee728b)  -> (artifact id: 'bb48a6b4b548c2e011e7e8481361b821') in 0.034522 seconds 
  Import took 0.039897 seconds .

========================================================================
Received Import Request.
  Time since last request: 0.000244 seconds.
  path: Assets/2DGamekit/Art/Sprites/Environment/LowerPlants1.png
  artifactKey: Guid(47b428b699457b74992fad3070540648) Importer(815301076,1909f56bfc062723c751e8b465ee728b)
Start importing Assets/2DGamekit/Art/Sprites/Environment/LowerPlants1.png using Guid(47b428b699457b74992fad3070540648) Importer(815301076,1909f56bfc062723c751e8b465ee728b)  -> (artifact id: '23bb0c74b20d0a0a20962176ff576e62') in 0.183587 seconds 
  Import took 0.188789 seconds .

========================================================================
Received Import Request.
  Time since last request: 0.000237 seconds.
  path: Assets/2DGamekit/Art/Sprites/Environment/AlienBlock06.png
  artifactKey: Guid(c0db65020163c56489c1a4801f97a149) Importer(815301076,1909f56bfc062723c751e8b465ee728b)
Start importing Assets/2DGamekit/Art/Sprites/Environment/AlienBlock06.png using Guid(c0db65020163c56489c1a4801f97a149) Importer(815301076,1909f56bfc062723c751e8b465ee728b)  -> (artifact id: '61b566c7f45917d60a7f51d1960fcd58') in 0.037598 seconds 
  Import took 0.042546 seconds .

========================================================================
Received Import Request.
  Time since last request: 0.000213 seconds.
  path: Assets/2DGamekit/Art/Sprites/Environment/AlienStatue04.png
  artifactKey: Guid(f67a668a825ba9545bfca88b46961865) Importer(815301076,1909f56bfc062723c751e8b465ee728b)
Start importing Assets/2DGamekit/Art/Sprites/Environment/AlienStatue04.png using Guid(f67a668a825ba9545bfca88b46961865) Importer(815301076,1909f56bfc062723c751e8b465ee728b)  -> (artifact id: 'ab328fb2dd60585186ce7c31f2bc0de3') in 0.062522 seconds 
  Import took 0.070087 seconds .

========================================================================
Received Import Request.
  Time since last request: 0.000274 seconds.
  path: Assets/2DGamekit/Art/Sprites/Environment/HangingPlants1.png
  artifactKey: Guid(f66c4b63264e91e48bbdc9c0a5966da4) Importer(815301076,1909f56bfc062723c751e8b465ee728b)
Start importing Assets/2DGamekit/Art/Sprites/Environment/HangingPlants1.png using Guid(f66c4b63264e91e48bbdc9c0a5966da4) Importer(815301076,1909f56bfc062723c751e8b465ee728b)  -> (artifact id: '7ca8e551bfce76e115fd2a245e970031') in 0.113519 seconds 
  Import took 0.122548 seconds .

========================================================================
Received Import Request.
  Time since last request: 0.000723 seconds.
  path: Assets/2DGamekit/Art/Sprites/Environment/AlienBlock04.png
  artifactKey: Guid(f2fe0307e2e9fcd47a01feaa7fc499ea) Importer(815301076,1909f56bfc062723c751e8b465ee728b)
Start importing Assets/2DGamekit/Art/Sprites/Environment/AlienBlock04.png using Guid(f2fe0307e2e9fcd47a01feaa7fc499ea) Importer(815301076,1909f56bfc062723c751e8b465ee728b)  -> (artifact id: 'e06cec3d64b1b6b450fabd8ecac1bf9c') in 0.076413 seconds 
  Import took 0.084721 seconds .

========================================================================
Received Import Request.
  Time since last request: 0.001809 seconds.
  path: Assets/2DGamekit/Art/Sprites/Environment/AlienBlock02.png
  artifactKey: Guid(b4f26af56d17ca74da9d1a08adffb885) Importer(815301076,1909f56bfc062723c751e8b465ee728b)
Start importing Assets/2DGamekit/Art/Sprites/Environment/AlienBlock02.png using Guid(b4f26af56d17ca74da9d1a08adffb885) Importer(815301076,1909f56bfc062723c751e8b465ee728b)  -> (artifact id: '7a54682c196b683a88231709ab42f620') in 0.063295 seconds 
  Import took 0.092502 seconds .

========================================================================
Received Import Request.
  Time since last request: 0.000286 seconds.
  path: Assets/2DGamekit/Art/Sprites/Environment/Platforms.png
  artifactKey: Guid(06555221cbcfd224692fc060ab31f685) Importer(815301076,1909f56bfc062723c751e8b465ee728b)
Start importing Assets/2DGamekit/Art/Sprites/Environment/Platforms.png using Guid(06555221cbcfd224692fc060ab31f685) Importer(815301076,1909f56bfc062723c751e8b465ee728b)  -> (artifact id: '887319b501054d4459f3b3d2e9baf885') in 0.141815 seconds 
  Import took 0.148361 seconds .

========================================================================
Received Import Request.
  Time since last request: 0.000304 seconds.
  path: Assets/2DGamekit/Art/Sprites/Environment/Plants.png
  artifactKey: Guid(e134e0f4ed64a1848aece477e814af31) Importer(815301076,1909f56bfc062723c751e8b465ee728b)
Start importing Assets/2DGamekit/Art/Sprites/Environment/Plants.png using Guid(e134e0f4ed64a1848aece477e814af31) Importer(815301076,1909f56bfc062723c751e8b465ee728b)  -> (artifact id: '4cd486959d5bd7fdbd201cd2c31d15c4') in 0.316764 seconds 
  Import took 0.323474 seconds .

========================================================================
Received Import Request.
  Time since last request: 0.000224 seconds.
  path: Assets/2DGamekit/Art/Sprites/Environment/AlienStatue01.png
  artifactKey: Guid(512f28cb88dfa234e96c078d811753eb) Importer(815301076,1909f56bfc062723c751e8b465ee728b)
Start importing Assets/2DGamekit/Art/Sprites/Environment/AlienStatue01.png using Guid(512f28cb88dfa234e96c078d811753eb) Importer(815301076,1909f56bfc062723c751e8b465ee728b)  -> (artifact id: '128a3d53ad8ebff527738e3741adc091') in 0.075476 seconds 
  Import took 0.081625 seconds .

========================================================================
Received Import Request.
  Time since last request: 0.000278 seconds.
  path: Assets/2DGamekit/Art/Sprites/Environment/AproachingWallPattern02.png
  artifactKey: Guid(aa84ae5dd435831498ae7af683f6aa67) Importer(815301076,1909f56bfc062723c751e8b465ee728b)
Start importing Assets/2DGamekit/Art/Sprites/Environment/AproachingWallPattern02.png using Guid(aa84ae5dd435831498ae7af683f6aa67) Importer(815301076,1909f56bfc062723c751e8b465ee728b)  -> (artifact id: '699b7471a714514897efe8f11971ad10') in 0.065249 seconds 
  Import took 0.080156 seconds .

========================================================================
Received Import Request.
  Time since last request: 0.000392 seconds.
  path: Assets/2DGamekit/Art/Sprites/Environment/LowerPlants2.png
  artifactKey: Guid(65064d37f969d7e479d033b652437758) Importer(815301076,1909f56bfc062723c751e8b465ee728b)
Start importing Assets/2DGamekit/Art/Sprites/Environment/LowerPlants2.png using Guid(65064d37f969d7e479d033b652437758) Importer(815301076,1909f56bfc062723c751e8b465ee728b)  -> (artifact id: 'fd555e35e7f1bca90451244b3134a7a5') in 0.137410 seconds 
  Import took 0.142739 seconds .

========================================================================
Received Import Request.
  Time since last request: 0.000289 seconds.
  path: Assets/2DGamekit/Art/Sprites/Environment/Sky.png
  artifactKey: Guid(2ad68479ac228e144addc70c060610b3) Importer(815301076,1909f56bfc062723c751e8b465ee728b)
Start importing Assets/2DGamekit/Art/Sprites/Environment/Sky.png using Guid(2ad68479ac228e144addc70c060610b3) Importer(815301076,1909f56bfc062723c751e8b465ee728b)  -> (artifact id: '6cbc2ba9bf88b020b7cb6e575c62b5b8') in 0.120847 seconds 
  Import took 0.127790 seconds .

========================================================================
Received Import Request.
  Time since last request: 0.000246 seconds.
  path: Assets/2DGamekit/Art/Sprites/Environment/Stones.png
  artifactKey: Guid(8c4b1cadd52d1b24cb3e5a64c6b3e683) Importer(815301076,1909f56bfc062723c751e8b465ee728b)
Start importing Assets/2DGamekit/Art/Sprites/Environment/Stones.png using Guid(8c4b1cadd52d1b24cb3e5a64c6b3e683) Importer(815301076,1909f56bfc062723c751e8b465ee728b)  -> (artifact id: '2cc62f270f73fbd87baca2dd6defb739') in 0.158185 seconds 
  Import took 0.169732 seconds .

========================================================================
Received Import Request.
  Time since last request: 0.000371 seconds.
  path: Assets/2DGamekit/Art/Sprites/Environment/PlantsNormal.png
  artifactKey: Guid(f298df0d431afe444a1f8479f9f9e00a) Importer(815301076,1909f56bfc062723c751e8b465ee728b)
Start importing Assets/2DGamekit/Art/Sprites/Environment/PlantsNormal.png using Guid(f298df0d431afe444a1f8479f9f9e00a) Importer(815301076,1909f56bfc062723c751e8b465ee728b)  -> (artifact id: '7e236b683152028f9b43fd5d3d2bb18b') in 0.101033 seconds 
  Import took 0.106087 seconds .

========================================================================
Received Import Request.
  Time since last request: 0.001195 seconds.
  path: Assets/2DGamekit/Art/Sprites/Environment/AlienStatue03.png
  artifactKey: Guid(07e031773e28ca54384d771dca9b947d) Importer(815301076,1909f56bfc062723c751e8b465ee728b)
Start importing Assets/2DGamekit/Art/Sprites/Environment/AlienStatue03.png using Guid(07e031773e28ca54384d771dca9b947d) Importer(815301076,1909f56bfc062723c751e8b465ee728b)  -> (artifact id: 'e60e14dd437ef459845dc56c5b6a50b1') in 0.084950 seconds 
  Import took 0.091334 seconds .

========================================================================
Received Import Request.
  Time since last request: 0.000269 seconds.
  path: Assets/2DGamekit/Art/Sprites/Environment/HangingPlants2.png
  artifactKey: Guid(f88d8f6be5a5b2a4bb198ffa5fc1be8b) Importer(815301076,1909f56bfc062723c751e8b465ee728b)
Start importing Assets/2DGamekit/Art/Sprites/Environment/HangingPlants2.png using Guid(f88d8f6be5a5b2a4bb198ffa5fc1be8b) Importer(815301076,1909f56bfc062723c751e8b465ee728b)  -> (artifact id: 'f43ae951271015535765b80b76cdcb45') in 0.164333 seconds 
  Import took 0.170321 seconds .

========================================================================
Received Import Request.
  Time since last request: 0.000245 seconds.
  path: Assets/2DGamekit/Art/Sprites/Environment/Chomper.png
  artifactKey: Guid(f96da8777c26cf94d8af762180932ee6) Importer(815301076,1909f56bfc062723c751e8b465ee728b)
Start importing Assets/2DGamekit/Art/Sprites/Environment/Chomper.png using Guid(f96da8777c26cf94d8af762180932ee6) Importer(815301076,1909f56bfc062723c751e8b465ee728b)  -> (artifact id: '3e69f596ba462696721b14c659060f0f') in 0.040797 seconds 
  Import took 0.046719 seconds .

========================================================================
Received Prepare
Registering precompiled user dll's ...
Registered in 0.004434 seconds.
Begin MonoManager ReloadAssembly
Native extension for WindowsStandalone target not found
Refreshing native plugins compatible for Editor in 0.76 ms, found 3 plugins.
Preloading 0 native plugins for Editor in 0.00 ms.
Mono: successfully reloaded assembly
- Completed reload, in  1.520 seconds
Domain Reload Profiling:
	ReloadAssembly (1521ms)
		BeginReloadAssembly (173ms)
			ExecutionOrderSort (0ms)
			DisableScriptedObjects (8ms)
			BackupInstance (0ms)
			ReleaseScriptingObjects (0ms)
			CreateAndSetChildDomain (61ms)
		EndReloadAssembly (1265ms)
			LoadAssemblies (141ms)
			RebuildTransferFunctionScriptingTraits (0ms)
			SetupTypeCache (446ms)
			ReleaseScriptCaches (1ms)
			RebuildScriptCaches (66ms)
			SetupLoadedEditorAssemblies (464ms)
				LogAssemblyErrors (0ms)
				InitializePlatformSupportModulesInManaged (6ms)
				SetLoadedEditorAssemblies (1ms)
				RefreshPlugins (1ms)
				BeforeProcessingInitializeOnLoad (88ms)
				ProcessInitializeOnLoadAttributes (356ms)
				ProcessInitializeOnLoadMethodAttributes (7ms)
				AfterProcessingInitializeOnLoad (7ms)
				EditorAssembliesLoaded (0ms)
			ExecutionOrderSort2 (0ms)
			AwakeInstancesAfterBackupRestoration (15ms)
Platform modules already initialized, skipping
Refreshing native plugins compatible for Editor in 0.88 ms, found 3 plugins.
Preloading 0 native plugins for Editor in 0.00 ms.
Unloading 2503 Unused Serialized files (Serialized files now loaded: 0)
System memory in use before: 116.7 MB.
System memory in use after: 116.9 MB.

Unloading 15 unused Assets to reduce memory usage. Loaded Objects now: 3365.
Total: 4.935900 ms (FindLiveObjects: 0.452200 ms CreateObjectMapping: 0.312600 ms MarkObjects: 4.148000 ms  DeleteObjects: 0.021900 ms)

AssetImportParameters requested are different than current active one (requested -> active):
  custom:framework-win-MediaFoundation: 216162199b28c13a410421893ffa2e32 -> 
  custom:video-decoder-ogg-theora: a1e56fd34408186e4bbccfd4996cb3dc -> 
  custom:container-muxer-webm: aa71ff27fc2769a1b78a27578f13a17b -> 
  custom:container-demuxer-webm: 4f35f7cbe854078d1ac9338744f61a02 -> 
  custom:container-demuxer-ogg: 62fdf1f143b41e24485cea50d1cbac27 -> 
  custom:video-encoder-webm-vp8: eb34c28f22e8b96e1ab97ce403110664 -> 
  custom:video-codec-MediaFoundation-h265: 746d11721c4dcdbdad8f713fa42b33f4 -> 
  custom:video-decoder-webm-vp8: 9c59270c3fd7afecdb556c50c9e8de78 -> 
  custom:audio-decoder-ogg-vorbis: bf7c407c2cedff20999df2af8eb42d56 -> 
  custom:audio-encoder-webm-vorbis: bf7c407c2cedff20999df2af8eb42d56 -> 
========================================================================
Received Prepare
Registering precompiled user dll's ...
Registered in 0.003483 seconds.
Begin MonoManager ReloadAssembly
Native extension for WindowsStandalone target not found
Refreshing native plugins compatible for Editor in 0.81 ms, found 3 plugins.
Preloading 0 native plugins for Editor in 0.00 ms.
Mono: successfully reloaded assembly
- Completed reload, in  1.722 seconds
Domain Reload Profiling:
	ReloadAssembly (1723ms)
		BeginReloadAssembly (187ms)
			ExecutionOrderSort (0ms)
			DisableScriptedObjects (14ms)
			BackupInstance (0ms)
			ReleaseScriptingObjects (0ms)
			CreateAndSetChildDomain (68ms)
		EndReloadAssembly (1449ms)
			LoadAssemblies (265ms)
			RebuildTransferFunctionScriptingTraits (0ms)
			SetupTypeCache (538ms)
			ReleaseScriptCaches (1ms)
			RebuildScriptCaches (67ms)
			SetupLoadedEditorAssemblies (395ms)
				LogAssemblyErrors (0ms)
				InitializePlatformSupportModulesInManaged (6ms)
				SetLoadedEditorAssemblies (1ms)
				RefreshPlugins (1ms)
				BeforeProcessingInitializeOnLoad (74ms)
				ProcessInitializeOnLoadAttributes (303ms)
				ProcessInitializeOnLoadMethodAttributes (6ms)
				AfterProcessingInitializeOnLoad (3ms)
				EditorAssembliesLoaded (0ms)
			ExecutionOrderSort2 (0ms)
			AwakeInstancesAfterBackupRestoration (13ms)
Platform modules already initialized, skipping
Refreshing native plugins compatible for Editor in 1.36 ms, found 3 plugins.
Preloading 0 native plugins for Editor in 0.00 ms.
Unloading 2503 Unused Serialized files (Serialized files now loaded: 0)
System memory in use before: 116.7 MB.
System memory in use after: 117.0 MB.

Unloading 15 unused Assets to reduce memory usage. Loaded Objects now: 3368.
Total: 4.906100 ms (FindLiveObjects: 0.303400 ms CreateObjectMapping: 0.221000 ms MarkObjects: 4.336700 ms  DeleteObjects: 0.043300 ms)

AssetImportParameters requested are different than current active one (requested -> active):
  custom:framework-win-MediaFoundation: 216162199b28c13a410421893ffa2e32 -> 
  custom:video-decoder-ogg-theora: a1e56fd34408186e4bbccfd4996cb3dc -> 
  custom:container-muxer-webm: aa71ff27fc2769a1b78a27578f13a17b -> 
  custom:container-demuxer-webm: 4f35f7cbe854078d1ac9338744f61a02 -> 
  custom:container-demuxer-ogg: 62fdf1f143b41e24485cea50d1cbac27 -> 
  custom:video-encoder-webm-vp8: eb34c28f22e8b96e1ab97ce403110664 -> 
  custom:video-codec-MediaFoundation-h265: 746d11721c4dcdbdad8f713fa42b33f4 -> 
  custom:video-decoder-webm-vp8: 9c59270c3fd7afecdb556c50c9e8de78 -> 
  custom:audio-decoder-ogg-vorbis: bf7c407c2cedff20999df2af8eb42d56 -> 
  custom:audio-encoder-webm-vorbis: bf7c407c2cedff20999df2af8eb42d56 -> 
========================================================================
Received Import Request.
  Time since last request: 3090.547472 seconds.
  path: Assets/Scenes
  artifactKey: Guid(15b8097e9b7ce0744a1c2fb8e37b70c0) Importer(815301076,1909f56bfc062723c751e8b465ee728b)
Start importing Assets/Scenes using Guid(15b8097e9b7ce0744a1c2fb8e37b70c0) Importer(815301076,1909f56bfc062723c751e8b465ee728b)  -> (artifact id: 'cbf6c6bb2e613a6db477c8df6f6dead7') in 0.029789 seconds 
  Import took 0.065185 seconds .

========================================================================
Received Import Request.
  Time since last request: 4.520455 seconds.
  path: Assets/Scenes/TuesdayClass_211005.unity
  artifactKey: Guid(b7cb890a551dfa048ba4dd10fb507696) Importer(815301076,1909f56bfc062723c751e8b465ee728b)
Start importing Assets/Scenes/TuesdayClass_211005.unity using Guid(b7cb890a551dfa048ba4dd10fb507696) Importer(815301076,1909f56bfc062723c751e8b465ee728b)  -> (artifact id: '517ad111313cbabc8a2f7550adaf6bfe') in 0.033357 seconds 
  Import took 0.041004 seconds .

AssetImportWorkerClient::OnTransportError - code=2 error=End of file
