Using pre-set license
Built from '2020.3/staging' branch; Version is '2020.3.18f1 (a7d1c678663c) revision 10998214'; Using compiler version '192528614'; Build Type 'Release'
OS: 'Windows 10 Pro; OS build 19042.1288; Version 2009; 64bit' Language: 'zh' Physical Memory: 16267 MB
BatchMode: 1, IsHumanControllingUs: 0, StartBugReporterOnCrash: 0, Is64bit: 1, IsPro: 0

COMMAND LINE ARGUMENTS:
C:\Program Files\Unity\Hub\Editor\2020.3.18f1\Editor\Unity.exe
-adb2
-batchMode
-noUpm
-name
AssetImportWorker0
-projectPath
C:/Users/user/Documents/GitHub/TuesdayClass/Tuesday_211005
-logFile
Logs/AssetImportWorker0.log
-srvPort
6060
Successfully changed project path to: C:/Users/user/Documents/GitHub/TuesdayClass/Tuesday_211005
C:/Users/user/Documents/GitHub/TuesdayClass/Tuesday_211005
Using Asset Import Pipeline V2.
Refreshing native plugins compatible for Editor in 50.43 ms, found 3 plugins.
Preloading 0 native plugins for Editor in 0.00 ms.
Initialize engine version: 2020.3.18f1 (a7d1c678663c)
[Subsystems] Discovering subsystems at path C:/Program Files/Unity/Hub/Editor/2020.3.18f1/Editor/Data/Resources/UnitySubsystems
[Subsystems] Discovering subsystems at path C:/Users/user/Documents/GitHub/TuesdayClass/Tuesday_211005/Assets
GfxDevice: creating device client; threaded=0
Direct3D:
    Version:  Direct3D 11.0 [level 11.1]
    Renderer: NVIDIA GeForce GTX 1060 3GB (ID=0x1c02)
    Vendor:   
    VRAM:     2988 MB
    Driver:   30.0.14.7196
Initialize mono
Mono path[0] = 'C:/Program Files/Unity/Hub/Editor/2020.3.18f1/Editor/Data/Managed'
Mono path[1] = 'C:/Program Files/Unity/Hub/Editor/2020.3.18f1/Editor/Data/MonoBleedingEdge/lib/mono/unityjit'
Mono config path = 'C:/Program Files/Unity/Hub/Editor/2020.3.18f1/Editor/Data/MonoBleedingEdge/etc'
Using monoOptions --debugger-agent=transport=dt_socket,embedding=1,server=y,suspend=n,address=127.0.0.1:56960
Begin MonoManager ReloadAssembly
Registering precompiled unity dll's ...
Register platform support module: C:/Program Files/Unity/Hub/Editor/2020.3.18f1/Editor/Data/PlaybackEngines/WebGLSupport/UnityEditor.WebGL.Extensions.dll
Register platform support module: C:/Program Files/Unity/Hub/Editor/2020.3.18f1/Editor/Data/PlaybackEngines/WindowsStandaloneSupport/UnityEditor.WindowsStandalone.Extensions.dll
Registered in 0.001701 seconds.
Native extension for WindowsStandalone target not found
Native extension for WebGL target not found
Refreshing native plugins compatible for Editor in 52.42 ms, found 3 plugins.
Preloading 0 native plugins for Editor in 0.00 ms.
Mono: successfully reloaded assembly
- Completed reload, in  1.306 seconds
Domain Reload Profiling:
	ReloadAssembly (1306ms)
		BeginReloadAssembly (38ms)
			ExecutionOrderSort (0ms)
			DisableScriptedObjects (0ms)
			BackupInstance (0ms)
			ReleaseScriptingObjects (0ms)
			CreateAndSetChildDomain (1ms)
		EndReloadAssembly (334ms)
			LoadAssemblies (37ms)
			RebuildTransferFunctionScriptingTraits (0ms)
			SetupTypeCache (117ms)
			ReleaseScriptCaches (0ms)
			RebuildScriptCaches (21ms)
			SetupLoadedEditorAssemblies (142ms)
				LogAssemblyErrors (0ms)
				InitializePlatformSupportModulesInManaged (4ms)
				SetLoadedEditorAssemblies (0ms)
				RefreshPlugins (52ms)
				BeforeProcessingInitializeOnLoad (6ms)
				ProcessInitializeOnLoadAttributes (59ms)
				ProcessInitializeOnLoadMethodAttributes (21ms)
				AfterProcessingInitializeOnLoad (0ms)
				EditorAssembliesLoaded (0ms)
			ExecutionOrderSort2 (0ms)
			AwakeInstancesAfterBackupRestoration (0ms)
Platform modules already initialized, skipping
Registering precompiled user dll's ...
Registered in 0.002292 seconds.
Begin MonoManager ReloadAssembly
Native extension for WindowsStandalone target not found
Native extension for WebGL target not found
Refreshing native plugins compatible for Editor in 51.07 ms, found 3 plugins.
Preloading 0 native plugins for Editor in 0.00 ms.
Mono: successfully reloaded assembly
- Completed reload, in  0.900 seconds
Domain Reload Profiling:
	ReloadAssembly (900ms)
		BeginReloadAssembly (111ms)
			ExecutionOrderSort (0ms)
			DisableScriptedObjects (3ms)
			BackupInstance (0ms)
			ReleaseScriptingObjects (0ms)
			CreateAndSetChildDomain (14ms)
		EndReloadAssembly (741ms)
			LoadAssemblies (68ms)
			RebuildTransferFunctionScriptingTraits (0ms)
			SetupTypeCache (236ms)
			ReleaseScriptCaches (0ms)
			RebuildScriptCaches (46ms)
			SetupLoadedEditorAssemblies (293ms)
				LogAssemblyErrors (0ms)
				InitializePlatformSupportModulesInManaged (4ms)
				SetLoadedEditorAssemblies (0ms)
				RefreshPlugins (51ms)
				BeforeProcessingInitializeOnLoad (55ms)
				ProcessInitializeOnLoadAttributes (169ms)
				ProcessInitializeOnLoadMethodAttributes (10ms)
				AfterProcessingInitializeOnLoad (4ms)
				EditorAssembliesLoaded (0ms)
			ExecutionOrderSort2 (0ms)
			AwakeInstancesAfterBackupRestoration (5ms)
Platform modules already initialized, skipping
========================================================================
Worker process is ready to serve import requests
Launched and connected shader compiler UnityShaderCompiler.exe after 0.05 seconds
Refreshing native plugins compatible for Editor in 0.59 ms, found 3 plugins.
Preloading 0 native plugins for Editor in 0.00 ms.
Unloading 2561 Unused Serialized files (Serialized files now loaded: 0)
System memory in use before: 119.0 MB.
System memory in use after: 119.2 MB.

Unloading 26 unused Assets to reduce memory usage. Loaded Objects now: 3006.
Total: 2.763600 ms (FindLiveObjects: 0.184500 ms CreateObjectMapping: 0.088000 ms MarkObjects: 2.449900 ms  DeleteObjects: 0.040300 ms)

AssetImportParameters requested are different than current active one (requested -> active):
  custom:framework-win-MediaFoundation: 216162199b28c13a410421893ffa2e32 -> 
  custom:video-decoder-ogg-theora: a1e56fd34408186e4bbccfd4996cb3dc -> 
  custom:container-muxer-webm: aa71ff27fc2769a1b78a27578f13a17b -> 
  custom:container-demuxer-webm: 4f35f7cbe854078d1ac9338744f61a02 -> 
  custom:container-demuxer-ogg: 62fdf1f143b41e24485cea50d1cbac27 -> 
  custom:video-encoder-webm-vp8: eb34c28f22e8b96e1ab97ce403110664 -> 
  custom:video-decoder-webm-vp8: 9c59270c3fd7afecdb556c50c9e8de78 -> 
  custom:audio-decoder-ogg-vorbis: bf7c407c2cedff20999df2af8eb42d56 -> 
  custom:audio-encoder-webm-vorbis: bf7c407c2cedff20999df2af8eb42d56 -> 
========================================================================
Received Import Request.
  path: Assets/2DGamekit/Scenes/Start.unity
  artifactKey: Guid(57df1e417250bc247976c2c0dc088efe) Importer(815301076,1909f56bfc062723c751e8b465ee728b)
Start importing Assets/2DGamekit/Scenes/Start.unity using Guid(57df1e417250bc247976c2c0dc088efe) Importer(815301076,1909f56bfc062723c751e8b465ee728b)  -> (artifact id: 'a69d1a1dbb5ee394d1fa3014e2d41548') in 0.016598 seconds 
  Import took 0.019970 seconds .

========================================================================
Received Import Request.
  Time since last request: 37.311570 seconds.
  path: Assets/2DGamekit/Scenes/Zone1.unity
  artifactKey: Guid(a94cb8f134bf81349ad016c79b629e3d) Importer(815301076,1909f56bfc062723c751e8b465ee728b)
Start importing Assets/2DGamekit/Scenes/Zone1.unity using Guid(a94cb8f134bf81349ad016c79b629e3d) Importer(815301076,1909f56bfc062723c751e8b465ee728b)  -> (artifact id: '7e8d875f82726615edba8df2322e2207') in 0.007548 seconds 
  Import took 0.011560 seconds .

========================================================================
Received Import Request.
  Time since last request: 34.525461 seconds.
  path: Assets/2DGamekit/Art/Sprites/Environment
  artifactKey: Guid(deda0c456a5467646ad18a772ad86198) Importer(815301076,1909f56bfc062723c751e8b465ee728b)
Start importing Assets/2DGamekit/Art/Sprites/Environment using Guid(deda0c456a5467646ad18a772ad86198) Importer(815301076,1909f56bfc062723c751e8b465ee728b)  -> (artifact id: '365c1594348ecfccec9b1dd4bd4bb57e') in 0.007351 seconds 
  Import took 0.010622 seconds .

========================================================================
Received Import Request.
  Time since last request: 0.000517 seconds.
  path: Assets/2DGamekit/Art/Sprites/Environment
  artifactKey: Guid(deda0c456a5467646ad18a772ad86198) Importer(815301076,1909f56bfc062723c751e8b465ee728b)
Start importing Assets/2DGamekit/Art/Sprites/Environment using Guid(deda0c456a5467646ad18a772ad86198) Importer(815301076,1909f56bfc062723c751e8b465ee728b)  -> (artifact id: '365c1594348ecfccec9b1dd4bd4bb57e') in 0.001467 seconds 
  Import took 0.004851 seconds .

========================================================================
Received Import Request.
  Time since last request: 0.041535 seconds.
  path: Assets/2DGamekit/Art/Sprites/Environment/Alcove.png
  artifactKey: Guid(aac9a30c9c349534990e2d84f22e7b28) Importer(815301076,1909f56bfc062723c751e8b465ee728b)
Start importing Assets/2DGamekit/Art/Sprites/Environment/Alcove.png using Guid(aac9a30c9c349534990e2d84f22e7b28) Importer(815301076,1909f56bfc062723c751e8b465ee728b)  -> (artifact id: 'c2bc45c15458a16f349c92c805b73475') in 0.155888 seconds 
  Import took 0.159228 seconds .

========================================================================
Received Import Request.
  Time since last request: 0.000235 seconds.
  path: Assets/2DGamekit/Art/Sprites/Environment/Stomper.png
  artifactKey: Guid(5b1b4c6a322b7384c86770187e0fae10) Importer(815301076,1909f56bfc062723c751e8b465ee728b)
Start importing Assets/2DGamekit/Art/Sprites/Environment/Stomper.png using Guid(5b1b4c6a322b7384c86770187e0fae10) Importer(815301076,1909f56bfc062723c751e8b465ee728b)  -> (artifact id: '24269d9a83b7b299c3df52a1f32244b5') in 0.018940 seconds 
  Import took 0.022008 seconds .

========================================================================
Received Import Request.
  Time since last request: 0.000241 seconds.
  path: Assets/2DGamekit/Art/Sprites/Environment/StonesNormal.png
  artifactKey: Guid(ee492e7bbdc1cd247ab2e6527436bdb9) Importer(815301076,1909f56bfc062723c751e8b465ee728b)
Start importing Assets/2DGamekit/Art/Sprites/Environment/StonesNormal.png using Guid(ee492e7bbdc1cd247ab2e6527436bdb9) Importer(815301076,1909f56bfc062723c751e8b465ee728b)  -> (artifact id: 'e5ded3fcff4633742e9458116ec39bec') in 0.015418 seconds 
  Import took 0.018479 seconds .

========================================================================
Received Import Request.
  Time since last request: 0.000219 seconds.
  path: Assets/2DGamekit/Art/Sprites/Environment/Spiderwebs.png
  artifactKey: Guid(8a054d1ecee1b154eab5cf67c3d481e6) Importer(815301076,1909f56bfc062723c751e8b465ee728b)
Start importing Assets/2DGamekit/Art/Sprites/Environment/Spiderwebs.png using Guid(8a054d1ecee1b154eab5cf67c3d481e6) Importer(815301076,1909f56bfc062723c751e8b465ee728b)  -> (artifact id: '2117e22adc96b06555ecd2eec6e7685a') in 0.055079 seconds 
  Import took 0.058208 seconds .

========================================================================
Received Import Request.
  Time since last request: 0.000269 seconds.
  path: Assets/2DGamekit/Art/Sprites/Environment/BGPlants.png
  artifactKey: Guid(776d10e19ab11c44a8271fc18a42ab83) Importer(815301076,1909f56bfc062723c751e8b465ee728b)
Start importing Assets/2DGamekit/Art/Sprites/Environment/BGPlants.png using Guid(776d10e19ab11c44a8271fc18a42ab83) Importer(815301076,1909f56bfc062723c751e8b465ee728b)  -> (artifact id: 'ca9cd659daa62270b0b93533b2975986') in 0.087010 seconds 
  Import took 0.090316 seconds .

========================================================================
Received Import Request.
  Time since last request: 0.000241 seconds.
  path: Assets/2DGamekit/Art/Sprites/Environment/BGRock01.png
  artifactKey: Guid(993c10c45f6b25e4c9b51f192b34fa12) Importer(815301076,1909f56bfc062723c751e8b465ee728b)
Start importing Assets/2DGamekit/Art/Sprites/Environment/BGRock01.png using Guid(993c10c45f6b25e4c9b51f192b34fa12) Importer(815301076,1909f56bfc062723c751e8b465ee728b)  -> (artifact id: 'a4e545b9a508e0a2af620738528f2041') in 0.013864 seconds 
  Import took 0.017108 seconds .

========================================================================
Received Import Request.
  Time since last request: 0.000235 seconds.
  path: Assets/2DGamekit/Art/Sprites/Environment/BGRock03.png
  artifactKey: Guid(5222c5dbe44c8494da11d0cdcf795f18) Importer(815301076,1909f56bfc062723c751e8b465ee728b)
Start importing Assets/2DGamekit/Art/Sprites/Environment/BGRock03.png using Guid(5222c5dbe44c8494da11d0cdcf795f18) Importer(815301076,1909f56bfc062723c751e8b465ee728b)  -> (artifact id: '215dd8b3f298d88948a054a133ac5827') in 0.036897 seconds 
  Import took 0.040306 seconds .

========================================================================
Received Import Request.
  Time since last request: 0.000226 seconds.
  path: Assets/2DGamekit/Art/Sprites/Environment/AlienStatue02.png
  artifactKey: Guid(faafa9f154d9ab24a83b389ff29572b5) Importer(815301076,1909f56bfc062723c751e8b465ee728b)
Start importing Assets/2DGamekit/Art/Sprites/Environment/AlienStatue02.png using Guid(faafa9f154d9ab24a83b389ff29572b5) Importer(815301076,1909f56bfc062723c751e8b465ee728b)  -> (artifact id: '87428de6cb104de364cb930e0946d33f') in 0.018605 seconds 
  Import took 0.021795 seconds .

========================================================================
Received Import Request.
  Time since last request: 0.000205 seconds.
  path: Assets/2DGamekit/Art/Sprites/Environment/AproachingWallPattern.png
  artifactKey: Guid(eb4fe75c66482e849abe326d94453aed) Importer(815301076,1909f56bfc062723c751e8b465ee728b)
Start importing Assets/2DGamekit/Art/Sprites/Environment/AproachingWallPattern.png using Guid(eb4fe75c66482e849abe326d94453aed) Importer(815301076,1909f56bfc062723c751e8b465ee728b)  -> (artifact id: '76bdfa9c43f2e636e25583eb38ff0cd4') in 0.018795 seconds 
  Import took 0.021825 seconds .

========================================================================
Received Import Request.
  Time since last request: 0.000266 seconds.
  path: Assets/2DGamekit/Art/Sprites/Environment/Clouds.png
  artifactKey: Guid(76465a0a33addfa4686beca3ade8fc17) Importer(815301076,1909f56bfc062723c751e8b465ee728b)
Start importing Assets/2DGamekit/Art/Sprites/Environment/Clouds.png using Guid(76465a0a33addfa4686beca3ade8fc17) Importer(815301076,1909f56bfc062723c751e8b465ee728b)  -> (artifact id: '7bb8883432bf5e6cfd649955a04231b8') in 0.054943 seconds 
  Import took 0.057948 seconds .

========================================================================
Received Import Request.
  Time since last request: 0.000185 seconds.
  path: Assets/2DGamekit/Art/Sprites/Environment/AlienBlock03.png
  artifactKey: Guid(ca5192f854a90464882497f5fd74cd6f) Importer(815301076,1909f56bfc062723c751e8b465ee728b)
Start importing Assets/2DGamekit/Art/Sprites/Environment/AlienBlock03.png using Guid(ca5192f854a90464882497f5fd74cd6f) Importer(815301076,1909f56bfc062723c751e8b465ee728b)  -> (artifact id: '56d6d593c3b97f5f20dc4c76f968b44d') in 0.013786 seconds 
  Import took 0.016818 seconds .

========================================================================
Received Import Request.
  Time since last request: 0.000163 seconds.
  path: Assets/2DGamekit/Art/Sprites/Environment/DropshipNormal.png
  artifactKey: Guid(a5281d59b9115324985b9d52e114cf39) Importer(815301076,1909f56bfc062723c751e8b465ee728b)
Start importing Assets/2DGamekit/Art/Sprites/Environment/DropshipNormal.png using Guid(a5281d59b9115324985b9d52e114cf39) Importer(815301076,1909f56bfc062723c751e8b465ee728b)  -> (artifact id: 'd25c03ce82e3c1508eb32ce7c3e1adea') in 0.011086 seconds 
  Import took 0.015009 seconds .

========================================================================
Received Import Request.
  Time since last request: 0.000288 seconds.
  path: Assets/2DGamekit/Art/Sprites/Environment/AlienSculpture02.png
  artifactKey: Guid(919a7cf0955fefa4bae70cbb6fe2b6da) Importer(815301076,1909f56bfc062723c751e8b465ee728b)
Start importing Assets/2DGamekit/Art/Sprites/Environment/AlienSculpture02.png using Guid(919a7cf0955fefa4bae70cbb6fe2b6da) Importer(815301076,1909f56bfc062723c751e8b465ee728b)  -> (artifact id: 'e652f6014847379a925b397578a21e1f') in 0.012754 seconds 
  Import took 0.016440 seconds .

========================================================================
Received Import Request.
  Time since last request: 0.000205 seconds.
  path: Assets/2DGamekit/Art/Sprites/Environment/Stomper02.png
  artifactKey: Guid(582488cb3c7706445868227da7f9fe68) Importer(815301076,1909f56bfc062723c751e8b465ee728b)
Start importing Assets/2DGamekit/Art/Sprites/Environment/Stomper02.png using Guid(582488cb3c7706445868227da7f9fe68) Importer(815301076,1909f56bfc062723c751e8b465ee728b)  -> (artifact id: 'e224bb5e0fa67b768a8cd2f7683903be') in 0.012370 seconds 
  Import took 0.015945 seconds .

========================================================================
Received Import Request.
  Time since last request: 0.000217 seconds.
  path: Assets/2DGamekit/Art/Sprites/Environment/AlienSculpture03.png
  artifactKey: Guid(b90e5ea9554d1e84d962fcfd0512a9b4) Importer(815301076,1909f56bfc062723c751e8b465ee728b)
Start importing Assets/2DGamekit/Art/Sprites/Environment/AlienSculpture03.png using Guid(b90e5ea9554d1e84d962fcfd0512a9b4) Importer(815301076,1909f56bfc062723c751e8b465ee728b)  -> (artifact id: '6fbc93196d4fe33edbfaff9956888fb2') in 0.011070 seconds 
  Import took 0.014997 seconds .

========================================================================
Received Import Request.
  Time since last request: 0.000271 seconds.
  path: Assets/2DGamekit/Art/Sprites/Environment/FloatingRocks.png
  artifactKey: Guid(e49210b2eba9a5442b6fe40c91776cd2) Importer(815301076,1909f56bfc062723c751e8b465ee728b)
Start importing Assets/2DGamekit/Art/Sprites/Environment/FloatingRocks.png using Guid(e49210b2eba9a5442b6fe40c91776cd2) Importer(815301076,1909f56bfc062723c751e8b465ee728b)  -> (artifact id: 'caad84f2169b730b13d7360d1b1bb7e9') in 0.066696 seconds 
  Import took 0.070082 seconds .

========================================================================
Received Import Request.
  Time since last request: 0.000199 seconds.
  path: Assets/2DGamekit/Art/Sprites/Environment/AlienStatue05.png
  artifactKey: Guid(600064507324d1149b26bb86c93e1fd3) Importer(815301076,1909f56bfc062723c751e8b465ee728b)
Start importing Assets/2DGamekit/Art/Sprites/Environment/AlienStatue05.png using Guid(600064507324d1149b26bb86c93e1fd3) Importer(815301076,1909f56bfc062723c751e8b465ee728b)  -> (artifact id: '3ea11269f5a079a2f82e0ea72c9c9102') in 0.012440 seconds 
  Import took 0.015665 seconds .

========================================================================
Received Import Request.
  Time since last request: 0.000182 seconds.
  path: Assets/2DGamekit/Art/Sprites/Environment/AlienSculpture01.png
  artifactKey: Guid(e7f21eb158d2cb945803f2614edc07f8) Importer(815301076,1909f56bfc062723c751e8b465ee728b)
Start importing Assets/2DGamekit/Art/Sprites/Environment/AlienSculpture01.png using Guid(e7f21eb158d2cb945803f2614edc07f8) Importer(815301076,1909f56bfc062723c751e8b465ee728b)  -> (artifact id: '8933db5c1e8db715dd274243c919ce0c') in 0.012182 seconds 
  Import took 0.015650 seconds .

========================================================================
Received Import Request.
  Time since last request: 0.000216 seconds.
  path: Assets/2DGamekit/Art/Sprites/Environment/AlienFlora.png
  artifactKey: Guid(6e43932fcf79bb44881725c7dba2dfde) Importer(815301076,1909f56bfc062723c751e8b465ee728b)
Start importing Assets/2DGamekit/Art/Sprites/Environment/AlienFlora.png using Guid(6e43932fcf79bb44881725c7dba2dfde) Importer(815301076,1909f56bfc062723c751e8b465ee728b)  -> (artifact id: 'a40b223833108fa30f684c6a1ea1bb5d') in 0.105429 seconds 
  Import took 0.108764 seconds .

========================================================================
Received Import Request.
  Time since last request: 0.000204 seconds.
  path: Assets/2DGamekit/Art/Sprites/Environment/LowerPlants5.png
  artifactKey: Guid(6abd01d1bd500b7468e35f5fc76023ea) Importer(815301076,1909f56bfc062723c751e8b465ee728b)
Start importing Assets/2DGamekit/Art/Sprites/Environment/LowerPlants5.png using Guid(6abd01d1bd500b7468e35f5fc76023ea) Importer(815301076,1909f56bfc062723c751e8b465ee728b)  -> (artifact id: 'dbd11082a02ced391558feb3bfd601cc') in 0.084615 seconds 
  Import took 0.087675 seconds .

========================================================================
Received Import Request.
  Time since last request: 0.000210 seconds.
  path: Assets/2DGamekit/Art/Sprites/Environment/DistantMount(tilable).png
  artifactKey: Guid(562939ad906ef07468206650fdfd5735) Importer(815301076,1909f56bfc062723c751e8b465ee728b)
Start importing Assets/2DGamekit/Art/Sprites/Environment/DistantMount(tilable).png using Guid(562939ad906ef07468206650fdfd5735) Importer(815301076,1909f56bfc062723c751e8b465ee728b)  -> (artifact id: '944aa1e4062cc5bfe20161c715b77ab0') in 0.011232 seconds 
  Import took 0.014886 seconds .

========================================================================
Received Import Request.
  Time since last request: 0.000233 seconds.
  path: Assets/2DGamekit/Art/Sprites/Environment/LowerPlants4.png
  artifactKey: Guid(ca959e4b1f739134eb2418d8e56c04b6) Importer(815301076,1909f56bfc062723c751e8b465ee728b)
Start importing Assets/2DGamekit/Art/Sprites/Environment/LowerPlants4.png using Guid(ca959e4b1f739134eb2418d8e56c04b6) Importer(815301076,1909f56bfc062723c751e8b465ee728b)  -> (artifact id: 'de1f867886ceedc74a68c24f8a38aff3') in 0.034706 seconds 
  Import took 0.038724 seconds .

========================================================================
Received Import Request.
  Time since last request: 0.000255 seconds.
  path: Assets/2DGamekit/Art/Sprites/Environment/BGRock04.png
  artifactKey: Guid(6eba019cb0240eb4d9d8a2d06a7d6453) Importer(815301076,1909f56bfc062723c751e8b465ee728b)
Start importing Assets/2DGamekit/Art/Sprites/Environment/BGRock04.png using Guid(6eba019cb0240eb4d9d8a2d06a7d6453) Importer(815301076,1909f56bfc062723c751e8b465ee728b)  -> (artifact id: 'f10538fecb97652fb3429219df66d10c') in 0.012404 seconds 
  Import took 0.015482 seconds .

========================================================================
Received Import Request.
  Time since last request: 0.000251 seconds.
  path: Assets/2DGamekit/Art/Sprites/Environment/BGRock02.png
  artifactKey: Guid(5d7509e35f3ef834b8e75f8b1890b4e5) Importer(815301076,1909f56bfc062723c751e8b465ee728b)
Start importing Assets/2DGamekit/Art/Sprites/Environment/BGRock02.png using Guid(5d7509e35f3ef834b8e75f8b1890b4e5) Importer(815301076,1909f56bfc062723c751e8b465ee728b)  -> (artifact id: '6c9547a7ccc228db84264b528aaa39b9') in 0.012588 seconds 
  Import took 0.015997 seconds .

========================================================================
Received Import Request.
  Time since last request: 0.000228 seconds.
  path: Assets/2DGamekit/Art/Sprites/Environment/Chomper02.png
  artifactKey: Guid(57fc8c26f694d2249a11c5fee50ec125) Importer(815301076,1909f56bfc062723c751e8b465ee728b)
Start importing Assets/2DGamekit/Art/Sprites/Environment/Chomper02.png using Guid(57fc8c26f694d2249a11c5fee50ec125) Importer(815301076,1909f56bfc062723c751e8b465ee728b)  -> (artifact id: 'c76e1211facf649e89b6e77839531f39') in 0.012464 seconds 
  Import took 0.015658 seconds .

========================================================================
Received Import Request.
  Time since last request: 0.000266 seconds.
  path: Assets/2DGamekit/Art/Sprites/Environment/Dropship.png
  artifactKey: Guid(1729de44d07c57f4e87192de411a0486) Importer(815301076,1909f56bfc062723c751e8b465ee728b)
Start importing Assets/2DGamekit/Art/Sprites/Environment/Dropship.png using Guid(1729de44d07c57f4e87192de411a0486) Importer(815301076,1909f56bfc062723c751e8b465ee728b)  -> (artifact id: '116d74fe1cb2e12187d02ceffb1f5f8b') in 0.015153 seconds 
  Import took 0.018806 seconds .

========================================================================
Received Import Request.
  Time since last request: 0.000210 seconds.
  path: Assets/2DGamekit/Art/Sprites/Environment/WallTile.png
  artifactKey: Guid(6aa3a976ac9ecc54aad638ffbf4e67c6) Importer(815301076,1909f56bfc062723c751e8b465ee728b)
Start importing Assets/2DGamekit/Art/Sprites/Environment/WallTile.png using Guid(6aa3a976ac9ecc54aad638ffbf4e67c6) Importer(815301076,1909f56bfc062723c751e8b465ee728b)  -> (artifact id: 'ab94e7c6e39cf4edf0435c0f9a819eb8') in 0.013324 seconds 
  Import took 0.016646 seconds .

========================================================================
Received Import Request.
  Time since last request: 0.000169 seconds.
  path: Assets/2DGamekit/Art/Sprites/Environment/AlienSculpture01b.png
  artifactKey: Guid(d3e03fee1fd37c149bb5203b490f0baa) Importer(815301076,1909f56bfc062723c751e8b465ee728b)
Start importing Assets/2DGamekit/Art/Sprites/Environment/AlienSculpture01b.png using Guid(d3e03fee1fd37c149bb5203b490f0baa) Importer(815301076,1909f56bfc062723c751e8b465ee728b)  -> (artifact id: '595dbac7fe96cf2b82deea52fa94f2d5') in 0.011236 seconds 
  Import took 0.014537 seconds .

========================================================================
Received Import Request.
  Time since last request: 0.000198 seconds.
  path: Assets/2DGamekit/Art/Sprites/Environment/PlantMidSized.png
  artifactKey: Guid(cad6f8f282a98b04b9027eadbdb78451) Importer(815301076,1909f56bfc062723c751e8b465ee728b)
Start importing Assets/2DGamekit/Art/Sprites/Environment/PlantMidSized.png using Guid(cad6f8f282a98b04b9027eadbdb78451) Importer(815301076,1909f56bfc062723c751e8b465ee728b)  -> (artifact id: '39dec68f7a8a4fb7e083d4a9ef2cb37a') in 0.022141 seconds 
  Import took 0.025568 seconds .

========================================================================
Received Import Request.
  Time since last request: 0.000266 seconds.
  path: Assets/2DGamekit/Art/Sprites/Environment/LowerPlants6.png
  artifactKey: Guid(14ad88aa05b531d40bb7667bf21651eb) Importer(815301076,1909f56bfc062723c751e8b465ee728b)
Start importing Assets/2DGamekit/Art/Sprites/Environment/LowerPlants6.png using Guid(14ad88aa05b531d40bb7667bf21651eb) Importer(815301076,1909f56bfc062723c751e8b465ee728b)  -> (artifact id: '4d755425155b67cd14f2c3df4ff238e2') in 0.039165 seconds 
  Import took 0.043021 seconds .

========================================================================
Received Import Request.
  Time since last request: 0.000190 seconds.
  path: Assets/2DGamekit/Art/Sprites/Environment/LowerPlants3.png
  artifactKey: Guid(2b30fc6e4ddac2545af6462ae063edad) Importer(815301076,1909f56bfc062723c751e8b465ee728b)
Start importing Assets/2DGamekit/Art/Sprites/Environment/LowerPlants3.png using Guid(2b30fc6e4ddac2545af6462ae063edad) Importer(815301076,1909f56bfc062723c751e8b465ee728b)  -> (artifact id: 'caec8a924244d90f6f89024664d8b623') in 0.048329 seconds 
  Import took 0.051498 seconds .

========================================================================
Received Import Request.
  Time since last request: 0.000203 seconds.
  path: Assets/2DGamekit/Art/Sprites/Environment/AlienBlock01.png
  artifactKey: Guid(27d3b077540489548895b070354e048e) Importer(815301076,1909f56bfc062723c751e8b465ee728b)
Start importing Assets/2DGamekit/Art/Sprites/Environment/AlienBlock01.png using Guid(27d3b077540489548895b070354e048e) Importer(815301076,1909f56bfc062723c751e8b465ee728b)  -> (artifact id: 'c66201ea276f7647033a7ab1a2ee0df6') in 0.012764 seconds 
  Import took 0.015851 seconds .

========================================================================
Received Import Request.
  Time since last request: 0.000246 seconds.
  path: Assets/2DGamekit/Art/Sprites/Environment/WallTileEnd.png
  artifactKey: Guid(804743266b3b62d428e86255220b6694) Importer(815301076,1909f56bfc062723c751e8b465ee728b)
Start importing Assets/2DGamekit/Art/Sprites/Environment/WallTileEnd.png using Guid(804743266b3b62d428e86255220b6694) Importer(815301076,1909f56bfc062723c751e8b465ee728b)  -> (artifact id: '0b2e70a4b368fdbabdf2126775d8e6c9') in 0.014038 seconds 
  Import took 0.017812 seconds .

========================================================================
Received Import Request.
  Time since last request: 0.000280 seconds.
  path: Assets/2DGamekit/Art/Sprites/Environment/UndergroundRoots.png
  artifactKey: Guid(a0db901905a42bb4397f3268337c528b) Importer(815301076,1909f56bfc062723c751e8b465ee728b)
Start importing Assets/2DGamekit/Art/Sprites/Environment/UndergroundRoots.png using Guid(a0db901905a42bb4397f3268337c528b) Importer(815301076,1909f56bfc062723c751e8b465ee728b)  -> (artifact id: '37522eb429e5a77ec271076b3280cf7b') in 0.017031 seconds 
  Import took 0.021100 seconds .

========================================================================
Received Import Request.
  Time since last request: 0.000220 seconds.
  path: Assets/2DGamekit/Art/Sprites/Environment/AlienBlock05.png
  artifactKey: Guid(1bdb3ae754025874c8232697a4529489) Importer(815301076,1909f56bfc062723c751e8b465ee728b)
Start importing Assets/2DGamekit/Art/Sprites/Environment/AlienBlock05.png using Guid(1bdb3ae754025874c8232697a4529489) Importer(815301076,1909f56bfc062723c751e8b465ee728b)  -> (artifact id: 'ab686243248012fa465d658dd475fb39') in 0.012677 seconds 
  Import took 0.016196 seconds .

========================================================================
Received Import Request.
  Time since last request: 0.000243 seconds.
  path: Assets/2DGamekit/Art/Sprites/Environment/Rubble.png
  artifactKey: Guid(d76850a37a3b5144093c7940ae562b4b) Importer(815301076,1909f56bfc062723c751e8b465ee728b)
Start importing Assets/2DGamekit/Art/Sprites/Environment/Rubble.png using Guid(d76850a37a3b5144093c7940ae562b4b) Importer(815301076,1909f56bfc062723c751e8b465ee728b)  -> (artifact id: 'b397cf2f4e1ce7783570a90d5690bdeb') in 0.028312 seconds 
  Import took 0.031407 seconds .

========================================================================
Received Import Request.
  Time since last request: 0.000194 seconds.
  path: Assets/2DGamekit/Art/Sprites/Environment/WallTile02.png
  artifactKey: Guid(62d2808515efe6d4897f8d8cd5218f31) Importer(815301076,1909f56bfc062723c751e8b465ee728b)
Start importing Assets/2DGamekit/Art/Sprites/Environment/WallTile02.png using Guid(62d2808515efe6d4897f8d8cd5218f31) Importer(815301076,1909f56bfc062723c751e8b465ee728b)  -> (artifact id: 'bb48a6b4b548c2e011e7e8481361b821') in 0.013327 seconds 
  Import took 0.016739 seconds .

========================================================================
Received Import Request.
  Time since last request: 0.000378 seconds.
  path: Assets/2DGamekit/Art/Sprites/Environment/LowerPlants1.png
  artifactKey: Guid(47b428b699457b74992fad3070540648) Importer(815301076,1909f56bfc062723c751e8b465ee728b)
Start importing Assets/2DGamekit/Art/Sprites/Environment/LowerPlants1.png using Guid(47b428b699457b74992fad3070540648) Importer(815301076,1909f56bfc062723c751e8b465ee728b)  -> (artifact id: '2f32ee53c76722d7123183c1d6a95c57') in 0.066867 seconds 
  Import took 0.071363 seconds .

========================================================================
Received Import Request.
  Time since last request: 0.000205 seconds.
  path: Assets/2DGamekit/Art/Sprites/Environment/AlienBlock06.png
  artifactKey: Guid(c0db65020163c56489c1a4801f97a149) Importer(815301076,1909f56bfc062723c751e8b465ee728b)
Start importing Assets/2DGamekit/Art/Sprites/Environment/AlienBlock06.png using Guid(c0db65020163c56489c1a4801f97a149) Importer(815301076,1909f56bfc062723c751e8b465ee728b)  -> (artifact id: '61b566c7f45917d60a7f51d1960fcd58') in 0.012479 seconds 
  Import took 0.016138 seconds .

========================================================================
Received Import Request.
  Time since last request: 0.000365 seconds.
  path: Assets/2DGamekit/Art/Sprites/Environment/AlienStatue04.png
  artifactKey: Guid(f67a668a825ba9545bfca88b46961865) Importer(815301076,1909f56bfc062723c751e8b465ee728b)
Start importing Assets/2DGamekit/Art/Sprites/Environment/AlienStatue04.png using Guid(f67a668a825ba9545bfca88b46961865) Importer(815301076,1909f56bfc062723c751e8b465ee728b)  -> (artifact id: 'ab328fb2dd60585186ce7c31f2bc0de3') in 0.013364 seconds 
  Import took 0.017103 seconds .

========================================================================
Received Import Request.
  Time since last request: 0.000213 seconds.
  path: Assets/2DGamekit/Art/Sprites/Environment/HangingPlants1.png
  artifactKey: Guid(f66c4b63264e91e48bbdc9c0a5966da4) Importer(815301076,1909f56bfc062723c751e8b465ee728b)
Start importing Assets/2DGamekit/Art/Sprites/Environment/HangingPlants1.png using Guid(f66c4b63264e91e48bbdc9c0a5966da4) Importer(815301076,1909f56bfc062723c751e8b465ee728b)  -> (artifact id: '8edc8411435a2e791b259a42bdf04ce0') in 0.034170 seconds 
  Import took 0.037452 seconds .

========================================================================
Received Import Request.
  Time since last request: 0.000209 seconds.
  path: Assets/2DGamekit/Art/Sprites/Environment/AlienBlock04.png
  artifactKey: Guid(f2fe0307e2e9fcd47a01feaa7fc499ea) Importer(815301076,1909f56bfc062723c751e8b465ee728b)
Start importing Assets/2DGamekit/Art/Sprites/Environment/AlienBlock04.png using Guid(f2fe0307e2e9fcd47a01feaa7fc499ea) Importer(815301076,1909f56bfc062723c751e8b465ee728b)  -> (artifact id: 'e06cec3d64b1b6b450fabd8ecac1bf9c') in 0.012172 seconds 
  Import took 0.015400 seconds .

========================================================================
Received Import Request.
  Time since last request: 0.000227 seconds.
  path: Assets/2DGamekit/Art/Sprites/Environment/AlienBlock02.png
  artifactKey: Guid(b4f26af56d17ca74da9d1a08adffb885) Importer(815301076,1909f56bfc062723c751e8b465ee728b)
Start importing Assets/2DGamekit/Art/Sprites/Environment/AlienBlock02.png using Guid(b4f26af56d17ca74da9d1a08adffb885) Importer(815301076,1909f56bfc062723c751e8b465ee728b)  -> (artifact id: '7a54682c196b683a88231709ab42f620') in 0.012970 seconds 
  Import took 0.016406 seconds .

========================================================================
Received Import Request.
  Time since last request: 0.000189 seconds.
  path: Assets/2DGamekit/Art/Sprites/Environment/Platforms.png
  artifactKey: Guid(06555221cbcfd224692fc060ab31f685) Importer(815301076,1909f56bfc062723c751e8b465ee728b)
Start importing Assets/2DGamekit/Art/Sprites/Environment/Platforms.png using Guid(06555221cbcfd224692fc060ab31f685) Importer(815301076,1909f56bfc062723c751e8b465ee728b)  -> (artifact id: '887319b501054d4459f3b3d2e9baf885') in 0.024491 seconds 
  Import took 0.027576 seconds .

========================================================================
Received Import Request.
  Time since last request: 0.000205 seconds.
  path: Assets/2DGamekit/Art/Sprites/Environment/Plants.png
  artifactKey: Guid(e134e0f4ed64a1848aece477e814af31) Importer(815301076,1909f56bfc062723c751e8b465ee728b)
Start importing Assets/2DGamekit/Art/Sprites/Environment/Plants.png using Guid(e134e0f4ed64a1848aece477e814af31) Importer(815301076,1909f56bfc062723c751e8b465ee728b)  -> (artifact id: '4cd486959d5bd7fdbd201cd2c31d15c4') in 0.074564 seconds 
  Import took 0.078396 seconds .

========================================================================
Received Import Request.
  Time since last request: 0.000239 seconds.
  path: Assets/2DGamekit/Art/Sprites/Environment/AlienStatue01.png
  artifactKey: Guid(512f28cb88dfa234e96c078d811753eb) Importer(815301076,1909f56bfc062723c751e8b465ee728b)
Start importing Assets/2DGamekit/Art/Sprites/Environment/AlienStatue01.png using Guid(512f28cb88dfa234e96c078d811753eb) Importer(815301076,1909f56bfc062723c751e8b465ee728b)  -> (artifact id: '128a3d53ad8ebff527738e3741adc091') in 0.013310 seconds 
  Import took 0.016675 seconds .

========================================================================
Received Import Request.
  Time since last request: 0.000240 seconds.
  path: Assets/2DGamekit/Art/Sprites/Environment/AproachingWallPattern02.png
  artifactKey: Guid(aa84ae5dd435831498ae7af683f6aa67) Importer(815301076,1909f56bfc062723c751e8b465ee728b)
Start importing Assets/2DGamekit/Art/Sprites/Environment/AproachingWallPattern02.png using Guid(aa84ae5dd435831498ae7af683f6aa67) Importer(815301076,1909f56bfc062723c751e8b465ee728b)  -> (artifact id: '699b7471a714514897efe8f11971ad10') in 0.013056 seconds 
  Import took 0.016661 seconds .

========================================================================
Received Import Request.
  Time since last request: 0.000216 seconds.
  path: Assets/2DGamekit/Art/Sprites/Environment/AlienStatue01.png
  artifactKey: Guid(512f28cb88dfa234e96c078d811753eb) Importer(815301076,1909f56bfc062723c751e8b465ee728b)
Start importing Assets/2DGamekit/Art/Sprites/Environment/AlienStatue01.png using Guid(512f28cb88dfa234e96c078d811753eb) Importer(815301076,1909f56bfc062723c751e8b465ee728b)  -> (artifact id: '128a3d53ad8ebff527738e3741adc091') in 0.012799 seconds 
  Import took 0.016298 seconds .

========================================================================
Received Import Request.
  Time since last request: 0.000141 seconds.
  path: Assets/2DGamekit/Art/Sprites/Environment/LowerPlants2.png
  artifactKey: Guid(65064d37f969d7e479d033b652437758) Importer(815301076,1909f56bfc062723c751e8b465ee728b)
Start importing Assets/2DGamekit/Art/Sprites/Environment/LowerPlants2.png using Guid(65064d37f969d7e479d033b652437758) Importer(815301076,1909f56bfc062723c751e8b465ee728b)  -> (artifact id: '11861c8a6ddd8c22d5d5bc81bce0b935') in 0.041335 seconds 
  Import took 0.045127 seconds .

========================================================================
Received Import Request.
  Time since last request: 0.000208 seconds.
  path: Assets/2DGamekit/Art/Sprites/Environment/Sky.png
  artifactKey: Guid(2ad68479ac228e144addc70c060610b3) Importer(815301076,1909f56bfc062723c751e8b465ee728b)
Start importing Assets/2DGamekit/Art/Sprites/Environment/Sky.png using Guid(2ad68479ac228e144addc70c060610b3) Importer(815301076,1909f56bfc062723c751e8b465ee728b)  -> (artifact id: '6cbc2ba9bf88b020b7cb6e575c62b5b8') in 0.013877 seconds 
  Import took 0.017026 seconds .

========================================================================
Received Import Request.
  Time since last request: 0.000233 seconds.
  path: Assets/2DGamekit/Art/Sprites/Environment/Stones.png
  artifactKey: Guid(8c4b1cadd52d1b24cb3e5a64c6b3e683) Importer(815301076,1909f56bfc062723c751e8b465ee728b)
Start importing Assets/2DGamekit/Art/Sprites/Environment/Stones.png using Guid(8c4b1cadd52d1b24cb3e5a64c6b3e683) Importer(815301076,1909f56bfc062723c751e8b465ee728b)  -> (artifact id: '2cc62f270f73fbd87baca2dd6defb739') in 0.037799 seconds 
  Import took 0.041018 seconds .

========================================================================
Received Import Request.
  Time since last request: 0.000201 seconds.
  path: Assets/2DGamekit/Art/Sprites/Environment/PlantsNormal.png
  artifactKey: Guid(f298df0d431afe444a1f8479f9f9e00a) Importer(815301076,1909f56bfc062723c751e8b465ee728b)
Start importing Assets/2DGamekit/Art/Sprites/Environment/PlantsNormal.png using Guid(f298df0d431afe444a1f8479f9f9e00a) Importer(815301076,1909f56bfc062723c751e8b465ee728b)  -> (artifact id: '7e236b683152028f9b43fd5d3d2bb18b') in 0.011184 seconds 
  Import took 0.014342 seconds .

========================================================================
Received Import Request.
  Time since last request: 0.000304 seconds.
  path: Assets/2DGamekit/Art/Sprites/Environment/AlienStatue03.png
  artifactKey: Guid(07e031773e28ca54384d771dca9b947d) Importer(815301076,1909f56bfc062723c751e8b465ee728b)
Start importing Assets/2DGamekit/Art/Sprites/Environment/AlienStatue03.png using Guid(07e031773e28ca54384d771dca9b947d) Importer(815301076,1909f56bfc062723c751e8b465ee728b)  -> (artifact id: 'e60e14dd437ef459845dc56c5b6a50b1') in 0.013590 seconds 
  Import took 0.017516 seconds .

========================================================================
Received Import Request.
  Time since last request: 0.000242 seconds.
  path: Assets/2DGamekit/Art/Sprites/Environment/HangingPlants2.png
  artifactKey: Guid(f88d8f6be5a5b2a4bb198ffa5fc1be8b) Importer(815301076,1909f56bfc062723c751e8b465ee728b)
Start importing Assets/2DGamekit/Art/Sprites/Environment/HangingPlants2.png using Guid(f88d8f6be5a5b2a4bb198ffa5fc1be8b) Importer(815301076,1909f56bfc062723c751e8b465ee728b)  -> (artifact id: 'edc9abbbed22959df4f51b88827eb46e') in 0.030438 seconds 
  Import took 0.033728 seconds .

========================================================================
Received Import Request.
  Time since last request: 0.000141 seconds.
  path: Assets/2DGamekit/Art/Sprites/Environment/AlienStatue03.png
  artifactKey: Guid(07e031773e28ca54384d771dca9b947d) Importer(815301076,1909f56bfc062723c751e8b465ee728b)
Start importing Assets/2DGamekit/Art/Sprites/Environment/AlienStatue03.png using Guid(07e031773e28ca54384d771dca9b947d) Importer(815301076,1909f56bfc062723c751e8b465ee728b)  -> (artifact id: 'e60e14dd437ef459845dc56c5b6a50b1') in 0.014359 seconds 
  Import took 0.017851 seconds .

========================================================================
Received Import Request.
  Time since last request: 0.000243 seconds.
  path: Assets/2DGamekit/Art/Sprites/Environment/Chomper.png
  artifactKey: Guid(f96da8777c26cf94d8af762180932ee6) Importer(815301076,1909f56bfc062723c751e8b465ee728b)
Start importing Assets/2DGamekit/Art/Sprites/Environment/Chomper.png using Guid(f96da8777c26cf94d8af762180932ee6) Importer(815301076,1909f56bfc062723c751e8b465ee728b)  -> (artifact id: '3e69f596ba462696721b14c659060f0f') in 0.012178 seconds 
  Import took 0.015466 seconds .

========================================================================
Received Prepare
Registering precompiled user dll's ...
Registered in 0.002152 seconds.
Begin MonoManager ReloadAssembly
Native extension for WindowsStandalone target not found
Native extension for WebGL target not found
Refreshing native plugins compatible for Editor in 0.58 ms, found 3 plugins.
Preloading 0 native plugins for Editor in 0.00 ms.
Mono: successfully reloaded assembly
- Completed reload, in  0.803 seconds
Domain Reload Profiling:
	ReloadAssembly (803ms)
		BeginReloadAssembly (97ms)
			ExecutionOrderSort (0ms)
			DisableScriptedObjects (5ms)
			BackupInstance (0ms)
			ReleaseScriptingObjects (0ms)
			CreateAndSetChildDomain (28ms)
		EndReloadAssembly (657ms)
			LoadAssemblies (68ms)
			RebuildTransferFunctionScriptingTraits (0ms)
			SetupTypeCache (233ms)
			ReleaseScriptCaches (1ms)
			RebuildScriptCaches (37ms)
			SetupLoadedEditorAssemblies (235ms)
				LogAssemblyErrors (0ms)
				InitializePlatformSupportModulesInManaged (4ms)
				SetLoadedEditorAssemblies (0ms)
				RefreshPlugins (1ms)
				BeforeProcessingInitializeOnLoad (49ms)
				ProcessInitializeOnLoadAttributes (172ms)
				ProcessInitializeOnLoadMethodAttributes (4ms)
				AfterProcessingInitializeOnLoad (4ms)
				EditorAssembliesLoaded (0ms)
			ExecutionOrderSort2 (0ms)
			AwakeInstancesAfterBackupRestoration (8ms)
Platform modules already initialized, skipping
Refreshing native plugins compatible for Editor in 0.61 ms, found 3 plugins.
Preloading 0 native plugins for Editor in 0.00 ms.
Unloading 2503 Unused Serialized files (Serialized files now loaded: 0)
System memory in use before: 117.5 MB.
System memory in use after: 117.8 MB.

Unloading 15 unused Assets to reduce memory usage. Loaded Objects now: 3364.
Total: 2.782000 ms (FindLiveObjects: 0.225200 ms CreateObjectMapping: 0.107700 ms MarkObjects: 2.436200 ms  DeleteObjects: 0.012200 ms)

AssetImportParameters requested are different than current active one (requested -> active):
  custom:framework-win-MediaFoundation: 216162199b28c13a410421893ffa2e32 -> 
  custom:video-decoder-ogg-theora: a1e56fd34408186e4bbccfd4996cb3dc -> 
  custom:container-muxer-webm: aa71ff27fc2769a1b78a27578f13a17b -> 
  custom:container-demuxer-webm: 4f35f7cbe854078d1ac9338744f61a02 -> 
  custom:container-demuxer-ogg: 62fdf1f143b41e24485cea50d1cbac27 -> 
  custom:video-encoder-webm-vp8: eb34c28f22e8b96e1ab97ce403110664 -> 
  custom:video-decoder-webm-vp8: 9c59270c3fd7afecdb556c50c9e8de78 -> 
  custom:audio-decoder-ogg-vorbis: bf7c407c2cedff20999df2af8eb42d56 -> 
  custom:audio-encoder-webm-vorbis: bf7c407c2cedff20999df2af8eb42d56 -> 
========================================================================
Received Import Request.
  Time since last request: 16.069476 seconds.
  path: Assets/2DGamekit/Art/Sprites/Environment/BGPlants.png
  artifactKey: Guid(776d10e19ab11c44a8271fc18a42ab83) Importer(815301076,1909f56bfc062723c751e8b465ee728b)
Start importing Assets/2DGamekit/Art/Sprites/Environment/BGPlants.png using Guid(776d10e19ab11c44a8271fc18a42ab83) Importer(815301076,1909f56bfc062723c751e8b465ee728b)  -> (artifact id: '36ff291c583b6290f2848381cccb3f67') in 0.098112 seconds 
  Import took 0.101755 seconds .

========================================================================
Received Import Request.
  Time since last request: 11.830943 seconds.
  path: Assets/2DGamekit/Art/Sprites/Environment/LowerPlants2.png
  artifactKey: Guid(65064d37f969d7e479d033b652437758) Importer(815301076,1909f56bfc062723c751e8b465ee728b)
Start importing Assets/2DGamekit/Art/Sprites/Environment/LowerPlants2.png using Guid(65064d37f969d7e479d033b652437758) Importer(815301076,1909f56bfc062723c751e8b465ee728b)  -> (artifact id: '4d25a43a5d458f1e3ed3e4e4ae714e3e') in 0.041955 seconds 
  Import took 0.046114 seconds .

AssetImportWorkerClient::OnTransportError - code=2 error=End of file
