Using pre-set license
Built from '2020.3/staging' branch; Version is '2020.3.18f1 (a7d1c678663c) revision 10998214'; Using compiler version '192528614'; Build Type 'Release'
OS: 'Windows 10 Pro; OS build 19042.1288; Version 2009; 64bit' Language: 'zh' Physical Memory: 16267 MB
BatchMode: 1, IsHumanControllingUs: 0, StartBugReporterOnCrash: 0, Is64bit: 1, IsPro: 0

COMMAND LINE ARGUMENTS:
C:\Program Files\Unity\Hub\Editor\2020.3.18f1\Editor\Unity.exe
-adb2
-batchMode
-noUpm
-name
AssetImportWorker0
-projectPath
C:/Users/user/Documents/GitHub/TuesdayClass/Tuesday_211005
-logFile
Logs/AssetImportWorker0.log
-srvPort
8838
Successfully changed project path to: C:/Users/user/Documents/GitHub/TuesdayClass/Tuesday_211005
C:/Users/user/Documents/GitHub/TuesdayClass/Tuesday_211005
Using Asset Import Pipeline V2.
Refreshing native plugins compatible for Editor in 56.59 ms, found 3 plugins.
Preloading 0 native plugins for Editor in 0.00 ms.
Initialize engine version: 2020.3.18f1 (a7d1c678663c)
[Subsystems] Discovering subsystems at path C:/Program Files/Unity/Hub/Editor/2020.3.18f1/Editor/Data/Resources/UnitySubsystems
[Subsystems] Discovering subsystems at path C:/Users/user/Documents/GitHub/TuesdayClass/Tuesday_211005/Assets
GfxDevice: creating device client; threaded=0
Direct3D:
    Version:  Direct3D 11.0 [level 11.1]
    Renderer: NVIDIA GeForce GTX 1060 3GB (ID=0x1c02)
    Vendor:   
    VRAM:     2988 MB
    Driver:   30.0.14.7196
Initialize mono
Mono path[0] = 'C:/Program Files/Unity/Hub/Editor/2020.3.18f1/Editor/Data/Managed'
Mono path[1] = 'C:/Program Files/Unity/Hub/Editor/2020.3.18f1/Editor/Data/MonoBleedingEdge/lib/mono/unityjit'
Mono config path = 'C:/Program Files/Unity/Hub/Editor/2020.3.18f1/Editor/Data/MonoBleedingEdge/etc'
Using monoOptions --debugger-agent=transport=dt_socket,embedding=1,server=y,suspend=n,address=127.0.0.1:56504
Begin MonoManager ReloadAssembly
Registering precompiled unity dll's ...
Register platform support module: C:/Program Files/Unity/Hub/Editor/2020.3.18f1/Editor/Data/PlaybackEngines/WebGLSupport/UnityEditor.WebGL.Extensions.dll
Register platform support module: C:/Program Files/Unity/Hub/Editor/2020.3.18f1/Editor/Data/PlaybackEngines/WindowsStandaloneSupport/UnityEditor.WindowsStandalone.Extensions.dll
Registered in 0.001592 seconds.
Native extension for WindowsStandalone target not found
Native extension for WebGL target not found
Refreshing native plugins compatible for Editor in 55.16 ms, found 3 plugins.
Preloading 0 native plugins for Editor in 0.00 ms.
Mono: successfully reloaded assembly
- Completed reload, in  1.324 seconds
Domain Reload Profiling:
	ReloadAssembly (1324ms)
		BeginReloadAssembly (38ms)
			ExecutionOrderSort (0ms)
			DisableScriptedObjects (0ms)
			BackupInstance (0ms)
			ReleaseScriptingObjects (0ms)
			CreateAndSetChildDomain (1ms)
		EndReloadAssembly (350ms)
			LoadAssemblies (37ms)
			RebuildTransferFunctionScriptingTraits (0ms)
			SetupTypeCache (121ms)
			ReleaseScriptCaches (0ms)
			RebuildScriptCaches (23ms)
			SetupLoadedEditorAssemblies (147ms)
				LogAssemblyErrors (0ms)
				InitializePlatformSupportModulesInManaged (4ms)
				SetLoadedEditorAssemblies (0ms)
				RefreshPlugins (55ms)
				BeforeProcessingInitializeOnLoad (7ms)
				ProcessInitializeOnLoadAttributes (60ms)
				ProcessInitializeOnLoadMethodAttributes (21ms)
				AfterProcessingInitializeOnLoad (0ms)
				EditorAssembliesLoaded (0ms)
			ExecutionOrderSort2 (0ms)
			AwakeInstancesAfterBackupRestoration (0ms)
Platform modules already initialized, skipping
Registering precompiled user dll's ...
Registered in 0.002263 seconds.
Begin MonoManager ReloadAssembly
Native extension for WindowsStandalone target not found
Native extension for WebGL target not found
Refreshing native plugins compatible for Editor in 56.28 ms, found 3 plugins.
Preloading 0 native plugins for Editor in 0.00 ms.
Mono: successfully reloaded assembly
- Completed reload, in  0.923 seconds
Domain Reload Profiling:
	ReloadAssembly (924ms)
		BeginReloadAssembly (115ms)
			ExecutionOrderSort (0ms)
			DisableScriptedObjects (3ms)
			BackupInstance (0ms)
			ReleaseScriptingObjects (0ms)
			CreateAndSetChildDomain (15ms)
		EndReloadAssembly (760ms)
			LoadAssemblies (72ms)
			RebuildTransferFunctionScriptingTraits (0ms)
			SetupTypeCache (247ms)
			ReleaseScriptCaches (0ms)
			RebuildScriptCaches (46ms)
			SetupLoadedEditorAssemblies (297ms)
				LogAssemblyErrors (0ms)
				InitializePlatformSupportModulesInManaged (4ms)
				SetLoadedEditorAssemblies (0ms)
				RefreshPlugins (56ms)
				BeforeProcessingInitializeOnLoad (57ms)
				ProcessInitializeOnLoadAttributes (166ms)
				ProcessInitializeOnLoadMethodAttributes (9ms)
				AfterProcessingInitializeOnLoad (4ms)
				EditorAssembliesLoaded (0ms)
			ExecutionOrderSort2 (0ms)
			AwakeInstancesAfterBackupRestoration (5ms)
Platform modules already initialized, skipping
========================================================================
Worker process is ready to serve import requests
Launched and connected shader compiler UnityShaderCompiler.exe after 0.09 seconds
Refreshing native plugins compatible for Editor in 0.82 ms, found 3 plugins.
Preloading 0 native plugins for Editor in 0.00 ms.
Unloading 2561 Unused Serialized files (Serialized files now loaded: 0)
System memory in use before: 119.3 MB.
System memory in use after: 119.5 MB.

Unloading 26 unused Assets to reduce memory usage. Loaded Objects now: 3007.
Total: 2.805700 ms (FindLiveObjects: 0.228500 ms CreateObjectMapping: 0.133200 ms MarkObjects: 2.416800 ms  DeleteObjects: 0.026000 ms)

AssetImportParameters requested are different than current active one (requested -> active):
  custom:framework-win-MediaFoundation: 216162199b28c13a410421893ffa2e32 -> 
  custom:video-decoder-ogg-theora: a1e56fd34408186e4bbccfd4996cb3dc -> 
  custom:container-muxer-webm: aa71ff27fc2769a1b78a27578f13a17b -> 
  custom:container-demuxer-webm: 4f35f7cbe854078d1ac9338744f61a02 -> 
  custom:container-demuxer-ogg: 62fdf1f143b41e24485cea50d1cbac27 -> 
  custom:video-encoder-webm-vp8: eb34c28f22e8b96e1ab97ce403110664 -> 
  custom:video-decoder-webm-vp8: 9c59270c3fd7afecdb556c50c9e8de78 -> 
  custom:audio-decoder-ogg-vorbis: bf7c407c2cedff20999df2af8eb42d56 -> 
  custom:audio-encoder-webm-vorbis: bf7c407c2cedff20999df2af8eb42d56 -> 
========================================================================
Received Import Request.
  path: Assets/Scenes/TuesdayClass_211005.unity
  artifactKey: Guid(b7cb890a551dfa048ba4dd10fb507696) Importer(815301076,1909f56bfc062723c751e8b465ee728b)
Start importing Assets/Scenes/TuesdayClass_211005.unity using Guid(b7cb890a551dfa048ba4dd10fb507696) Importer(815301076,1909f56bfc062723c751e8b465ee728b)  -> (artifact id: 'a49cf9a4585f9178b37cb338ce8f6aa7') in 0.015469 seconds 
  Import took 0.019616 seconds .

========================================================================
Received Import Request.
  Time since last request: 108.726121 seconds.
  path: Assets/2DGamekit/Prefabs/SceneControl/Checkpoint.prefab
  artifactKey: Guid(448ee8ad87a7f9f43b099285036e8bfc) Importer(815301076,1909f56bfc062723c751e8b465ee728b)
Start importing Assets/2DGamekit/Prefabs/SceneControl/Checkpoint.prefab using Guid(448ee8ad87a7f9f43b099285036e8bfc) Importer(815301076,1909f56bfc062723c751e8b465ee728b)  -> (artifact id: 'c2da56f290346725768d3150a384f9b9') in 0.025729 seconds 
  Import took 0.029606 seconds .

========================================================================
Received Import Request.
  Time since last request: 0.000261 seconds.
  path: Assets/2DGamekit/Prefabs/SceneControl/SceneController.prefab
  artifactKey: Guid(06c5c56d99c9e194db056e41d8b8f99b) Importer(815301076,1909f56bfc062723c751e8b465ee728b)
Start importing Assets/2DGamekit/Prefabs/SceneControl/SceneController.prefab using Guid(06c5c56d99c9e194db056e41d8b8f99b) Importer(815301076,1909f56bfc062723c751e8b465ee728b)  -> (artifact id: '442e883cbfaa47869fbd8bab7f6ae693') in 0.008821 seconds 
  Import took 0.012092 seconds .

========================================================================
Received Import Request.
  Time since last request: 0.000289 seconds.
  path: Assets/2DGamekit/Prefabs/SceneControl/SpawnManagerWrapper.prefab
  artifactKey: Guid(c0349e06831df0a4a93d468c308dc3d1) Importer(815301076,1909f56bfc062723c751e8b465ee728b)
Start importing Assets/2DGamekit/Prefabs/SceneControl/SpawnManagerWrapper.prefab using Guid(c0349e06831df0a4a93d468c308dc3d1) Importer(815301076,1909f56bfc062723c751e8b465ee728b)  -> (artifact id: '1fc3f256f3a39a5bcdabc126b5e81747') in 0.009357 seconds 
  Import took 0.013380 seconds .

========================================================================
Received Import Request.
  Time since last request: 0.000246 seconds.
  path: Assets/2DGamekit/Prefabs/SceneControl/ScreenFader.prefab
  artifactKey: Guid(12c2177bf06bbee44b65f5e185b2216f) Importer(815301076,1909f56bfc062723c751e8b465ee728b)
Start importing Assets/2DGamekit/Prefabs/SceneControl/ScreenFader.prefab using Guid(12c2177bf06bbee44b65f5e185b2216f) Importer(815301076,1909f56bfc062723c751e8b465ee728b)  -> (artifact id: 'f41ac8a1988dfbf778288558cd500b7d') in 0.015210 seconds 
  Import took 0.018830 seconds .

========================================================================
Received Import Request.
  Time since last request: 0.000235 seconds.
  path: Assets/2DGamekit/Prefabs/SceneControl/TransitionDestination.prefab
  artifactKey: Guid(f949db0cfd21cb34796d46f92ac4fb1a) Importer(815301076,1909f56bfc062723c751e8b465ee728b)
Start importing Assets/2DGamekit/Prefabs/SceneControl/TransitionDestination.prefab using Guid(f949db0cfd21cb34796d46f92ac4fb1a) Importer(815301076,1909f56bfc062723c751e8b465ee728b)  -> (artifact id: '1d199f468fb4801e3e55abed47135a92') in 0.010741 seconds 
  Import took 0.014475 seconds .

========================================================================
Received Import Request.
  Time since last request: 0.000307 seconds.
  path: Assets/2DGamekit/Prefabs/SceneControl/TransitionStart.prefab
  artifactKey: Guid(b38e9ca90e4033c4bb4554a41a283698) Importer(815301076,1909f56bfc062723c751e8b465ee728b)
Start importing Assets/2DGamekit/Prefabs/SceneControl/TransitionStart.prefab using Guid(b38e9ca90e4033c4bb4554a41a283698) Importer(815301076,1909f56bfc062723c751e8b465ee728b)  -> (artifact id: '92c0ffbfbe58d46ac78de8f17fa3aa51') in 0.009678 seconds 
  Import took 0.013310 seconds .

========================================================================
Received Prepare
Registering precompiled user dll's ...
Registered in 0.003746 seconds.
Begin MonoManager ReloadAssembly
Native extension for WindowsStandalone target not found
Native extension for WebGL target not found
Refreshing native plugins compatible for Editor in 0.87 ms, found 3 plugins.
Preloading 0 native plugins for Editor in 0.00 ms.
Mono: successfully reloaded assembly
- Completed reload, in  1.239 seconds
Domain Reload Profiling:
	ReloadAssembly (1239ms)
		BeginReloadAssembly (139ms)
			ExecutionOrderSort (0ms)
			DisableScriptedObjects (7ms)
			BackupInstance (0ms)
			ReleaseScriptingObjects (0ms)
			CreateAndSetChildDomain (44ms)
		EndReloadAssembly (1025ms)
			LoadAssemblies (113ms)
			RebuildTransferFunctionScriptingTraits (0ms)
			SetupTypeCache (369ms)
			ReleaseScriptCaches (1ms)
			RebuildScriptCaches (55ms)
			SetupLoadedEditorAssemblies (367ms)
				LogAssemblyErrors (0ms)
				InitializePlatformSupportModulesInManaged (7ms)
				SetLoadedEditorAssemblies (0ms)
				RefreshPlugins (1ms)
				BeforeProcessingInitializeOnLoad (71ms)
				ProcessInitializeOnLoadAttributes (275ms)
				ProcessInitializeOnLoadMethodAttributes (6ms)
				AfterProcessingInitializeOnLoad (7ms)
				EditorAssembliesLoaded (0ms)
			ExecutionOrderSort2 (0ms)
			AwakeInstancesAfterBackupRestoration (13ms)
Platform modules already initialized, skipping
Refreshing native plugins compatible for Editor in 0.82 ms, found 3 plugins.
Preloading 0 native plugins for Editor in 0.00 ms.
Unloading 2503 Unused Serialized files (Serialized files now loaded: 0)
System memory in use before: 114.1 MB.
System memory in use after: 114.4 MB.

Unloading 15 unused Assets to reduce memory usage. Loaded Objects now: 3010.
Total: 3.543500 ms (FindLiveObjects: 0.232900 ms CreateObjectMapping: 0.109800 ms MarkObjects: 3.179000 ms  DeleteObjects: 0.020600 ms)

AssetImportParameters requested are different than current active one (requested -> active):
  custom:framework-win-MediaFoundation: 216162199b28c13a410421893ffa2e32 -> 
  custom:video-decoder-ogg-theora: a1e56fd34408186e4bbccfd4996cb3dc -> 
  custom:container-muxer-webm: aa71ff27fc2769a1b78a27578f13a17b -> 
  custom:container-demuxer-webm: 4f35f7cbe854078d1ac9338744f61a02 -> 
  custom:container-demuxer-ogg: 62fdf1f143b41e24485cea50d1cbac27 -> 
  custom:video-encoder-webm-vp8: eb34c28f22e8b96e1ab97ce403110664 -> 
  custom:video-decoder-webm-vp8: 9c59270c3fd7afecdb556c50c9e8de78 -> 
  custom:audio-decoder-ogg-vorbis: bf7c407c2cedff20999df2af8eb42d56 -> 
  custom:audio-encoder-webm-vorbis: bf7c407c2cedff20999df2af8eb42d56 -> 
========================================================================
Received Import Request.
  Time since last request: 2539.580055 seconds.
  path: Assets
  artifactKey: Guid(00000000000000001000000000000000) Importer(815301076,1909f56bfc062723c751e8b465ee728b)
Start importing Assets using Guid(00000000000000001000000000000000) Importer(815301076,1909f56bfc062723c751e8b465ee728b)  -> (artifact id: '42d402b061de3733987d63b9cc3b64de') in 0.009554 seconds 
  Import took 0.015083 seconds .

========================================================================
Received Import Request.
  Time since last request: 0.001250 seconds.
  path: Assets
  artifactKey: Guid(00000000000000001000000000000000) Importer(815301076,1909f56bfc062723c751e8b465ee728b)
Start importing Assets using Guid(00000000000000001000000000000000) Importer(815301076,1909f56bfc062723c751e8b465ee728b)  -> (artifact id: '42d402b061de3733987d63b9cc3b64de') in 0.002229 seconds 
  Import took 0.007180 seconds .

========================================================================
Received Import Request.
  Time since last request: 23.729510 seconds.
  path: Assets/窩的素材
  artifactKey: Guid(f7ecda1a650006f4e92ef1831c6a18e7) Importer(815301076,1909f56bfc062723c751e8b465ee728b)
Start importing Assets/窩的素材 using Guid(f7ecda1a650006f4e92ef1831c6a18e7) Importer(815301076,1909f56bfc062723c751e8b465ee728b)  -> (artifact id: 'c242ed5a5c969b4dba3d41d6e1ec2b1f') in 0.006741 seconds 
  Import took 0.011188 seconds .

========================================================================
Received Import Request.
  Time since last request: 4.923698 seconds.
  path: Assets/窩的素材/pngegg.png
  artifactKey: Guid(27ac3046aeef5144daafdf1f766bd8f4) Importer(815301076,1909f56bfc062723c751e8b465ee728b)
Start importing Assets/窩的素材/pngegg.png using Guid(27ac3046aeef5144daafdf1f766bd8f4) Importer(815301076,1909f56bfc062723c751e8b465ee728b)  -> (artifact id: 'b210c4ed7f32d3ec3d32c381713dfe45') in 0.106265 seconds 
  Import took 0.111644 seconds .

========================================================================
Received Import Request.
  Time since last request: 9.423256 seconds.
  path: Assets/窩的素材/pngegg.png
  artifactKey: Guid(27ac3046aeef5144daafdf1f766bd8f4) Importer(815301076,1909f56bfc062723c751e8b465ee728b)
Start importing Assets/窩的素材/pngegg.png using Guid(27ac3046aeef5144daafdf1f766bd8f4) Importer(815301076,1909f56bfc062723c751e8b465ee728b)  -> (artifact id: '036def36626484c523c10a3211115995') in 0.011710 seconds 
  Import took 0.016797 seconds .

========================================================================
Received Import Request.
  Time since last request: 0.002454 seconds.
  path: Assets/窩的素材/pngegg.png
  artifactKey: Guid(27ac3046aeef5144daafdf1f766bd8f4) Importer(815301076,1909f56bfc062723c751e8b465ee728b)
Start importing Assets/窩的素材/pngegg.png using Guid(27ac3046aeef5144daafdf1f766bd8f4) Importer(815301076,1909f56bfc062723c751e8b465ee728b)  -> (artifact id: '036def36626484c523c10a3211115995') in 0.012016 seconds 
  Import took 0.016815 seconds .

========================================================================
Received Import Request.
  Time since last request: 456.130883 seconds.
  path: Assets/窩的素材/pngegg.png
  artifactKey: Guid(27ac3046aeef5144daafdf1f766bd8f4) Importer(815301076,1909f56bfc062723c751e8b465ee728b)
Start importing Assets/窩的素材/pngegg.png using Guid(27ac3046aeef5144daafdf1f766bd8f4) Importer(815301076,1909f56bfc062723c751e8b465ee728b)  -> (artifact id: 'bf56ece47aeb306e1abcdda95751f9f8') in 0.071195 seconds 
  Import took 0.076402 seconds .

========================================================================
Received Prepare
Registering precompiled user dll's ...
Registered in 0.002837 seconds.
Begin MonoManager ReloadAssembly
Native extension for WindowsStandalone target not found
Native extension for WebGL target not found
Refreshing native plugins compatible for Editor in 0.68 ms, found 3 plugins.
Preloading 0 native plugins for Editor in 0.00 ms.
Mono: successfully reloaded assembly
- Completed reload, in  1.041 seconds
Domain Reload Profiling:
	ReloadAssembly (1042ms)
		BeginReloadAssembly (113ms)
			ExecutionOrderSort (0ms)
			DisableScriptedObjects (6ms)
			BackupInstance (0ms)
			ReleaseScriptingObjects (0ms)
			CreateAndSetChildDomain (35ms)
		EndReloadAssembly (869ms)
			LoadAssemblies (81ms)
			RebuildTransferFunctionScriptingTraits (0ms)
			SetupTypeCache (282ms)
			ReleaseScriptCaches (1ms)
			RebuildScriptCaches (42ms)
			SetupLoadedEditorAssemblies (368ms)
				LogAssemblyErrors (0ms)
				InitializePlatformSupportModulesInManaged (6ms)
				SetLoadedEditorAssemblies (0ms)
				RefreshPlugins (1ms)
				BeforeProcessingInitializeOnLoad (57ms)
				ProcessInitializeOnLoadAttributes (295ms)
				ProcessInitializeOnLoadMethodAttributes (4ms)
				AfterProcessingInitializeOnLoad (5ms)
				EditorAssembliesLoaded (0ms)
			ExecutionOrderSort2 (0ms)
			AwakeInstancesAfterBackupRestoration (10ms)
Platform modules already initialized, skipping
Refreshing native plugins compatible for Editor in 0.71 ms, found 3 plugins.
Preloading 0 native plugins for Editor in 0.00 ms.
Unloading 2503 Unused Serialized files (Serialized files now loaded: 0)
System memory in use before: 117.1 MB.
System memory in use after: 117.3 MB.

Unloading 15 unused Assets to reduce memory usage. Loaded Objects now: 3027.
Total: 2.947500 ms (FindLiveObjects: 0.219700 ms CreateObjectMapping: 0.151900 ms MarkObjects: 2.559600 ms  DeleteObjects: 0.015500 ms)

AssetImportParameters requested are different than current active one (requested -> active):
  custom:framework-win-MediaFoundation: 216162199b28c13a410421893ffa2e32 -> 
  custom:video-decoder-ogg-theora: a1e56fd34408186e4bbccfd4996cb3dc -> 
  custom:container-muxer-webm: aa71ff27fc2769a1b78a27578f13a17b -> 
  custom:container-demuxer-webm: 4f35f7cbe854078d1ac9338744f61a02 -> 
  custom:container-demuxer-ogg: 62fdf1f143b41e24485cea50d1cbac27 -> 
  custom:video-encoder-webm-vp8: eb34c28f22e8b96e1ab97ce403110664 -> 
  custom:video-decoder-webm-vp8: 9c59270c3fd7afecdb556c50c9e8de78 -> 
  custom:audio-decoder-ogg-vorbis: bf7c407c2cedff20999df2af8eb42d56 -> 
  custom:audio-encoder-webm-vorbis: bf7c407c2cedff20999df2af8eb42d56 -> 
========================================================================
Received Import Request.
  Time since last request: 2513.810236 seconds.
  path: Assets/窩的素材/pngegg (1).png
  artifactKey: Guid(10a30aa6e38d4224697880c5647cdf6a) Importer(815301076,1909f56bfc062723c751e8b465ee728b)
Start importing Assets/窩的素材/pngegg (1).png using Guid(10a30aa6e38d4224697880c5647cdf6a) Importer(815301076,1909f56bfc062723c751e8b465ee728b)  -> (artifact id: '2241a3b1e424774f86c6074dfd4f41b2') in 0.053750 seconds 
  Import took 0.062815 seconds .

========================================================================
Received Import Request.
  Time since last request: 20.173416 seconds.
  path: Assets/窩的素材/dungeon.png
  artifactKey: Guid(10a30aa6e38d4224697880c5647cdf6a) Importer(815301076,1909f56bfc062723c751e8b465ee728b)
Start importing Assets/窩的素材/dungeon.png using Guid(10a30aa6e38d4224697880c5647cdf6a) Importer(815301076,1909f56bfc062723c751e8b465ee728b)  -> (artifact id: 'd169e9bc101ca1ec45aa5d1185a43954') in 0.017936 seconds 
  Import took 0.022592 seconds .

========================================================================
Received Import Request.
  Time since last request: 8.257358 seconds.
  path: Assets/窩的素材/dungeon.png
  artifactKey: Guid(10a30aa6e38d4224697880c5647cdf6a) Importer(815301076,1909f56bfc062723c751e8b465ee728b)
Start importing Assets/窩的素材/dungeon.png using Guid(10a30aa6e38d4224697880c5647cdf6a) Importer(815301076,1909f56bfc062723c751e8b465ee728b)  -> (artifact id: 'ed047802f63eb65b9a27ffe048cf8c2c') in 0.010371 seconds 
  Import took 0.015147 seconds .

========================================================================
Received Import Request.
  Time since last request: 0.004204 seconds.
  path: Assets/窩的素材/dungeon.png
  artifactKey: Guid(10a30aa6e38d4224697880c5647cdf6a) Importer(815301076,1909f56bfc062723c751e8b465ee728b)
Start importing Assets/窩的素材/dungeon.png using Guid(10a30aa6e38d4224697880c5647cdf6a) Importer(815301076,1909f56bfc062723c751e8b465ee728b)  -> (artifact id: 'ed047802f63eb65b9a27ffe048cf8c2c') in 0.011524 seconds 
  Import took 0.015548 seconds .

========================================================================
Received Import Request.
  Time since last request: 8.555679 seconds.
  path: Assets/窩的素材/dungeon.png
  artifactKey: Guid(10a30aa6e38d4224697880c5647cdf6a) Importer(815301076,1909f56bfc062723c751e8b465ee728b)
Start importing Assets/窩的素材/dungeon.png using Guid(10a30aa6e38d4224697880c5647cdf6a) Importer(815301076,1909f56bfc062723c751e8b465ee728b)  -> (artifact id: '0ba4354b721fa3b3e46e08c324f83912') in 0.044445 seconds 
  Import took 0.049232 seconds .

========================================================================
Received Import Request.
  Time since last request: 21.943966 seconds.
  path: Assets/窩的素材/dungeon.png
  artifactKey: Guid(10a30aa6e38d4224697880c5647cdf6a) Importer(815301076,1909f56bfc062723c751e8b465ee728b)
Start importing Assets/窩的素材/dungeon.png using Guid(10a30aa6e38d4224697880c5647cdf6a) Importer(815301076,1909f56bfc062723c751e8b465ee728b)  -> (artifact id: 'c11d4b39a11436ced6aec7980246c86f') in 0.060416 seconds 
  Import took 0.064886 seconds .

========================================================================
Received Prepare
Registering precompiled user dll's ...
Registered in 0.003206 seconds.
Begin MonoManager ReloadAssembly
Native extension for WindowsStandalone target not found
Native extension for WebGL target not found
Refreshing native plugins compatible for Editor in 0.70 ms, found 3 plugins.
Preloading 0 native plugins for Editor in 0.00 ms.
Mono: successfully reloaded assembly
- Completed reload, in  0.974 seconds
Domain Reload Profiling:
	ReloadAssembly (974ms)
		BeginReloadAssembly (106ms)
			ExecutionOrderSort (0ms)
			DisableScriptedObjects (6ms)
			BackupInstance (0ms)
			ReleaseScriptingObjects (0ms)
			CreateAndSetChildDomain (33ms)
		EndReloadAssembly (811ms)
			LoadAssemblies (80ms)
			RebuildTransferFunctionScriptingTraits (0ms)
			SetupTypeCache (277ms)
			ReleaseScriptCaches (1ms)
			RebuildScriptCaches (42ms)
			SetupLoadedEditorAssemblies (312ms)
				LogAssemblyErrors (0ms)
				InitializePlatformSupportModulesInManaged (5ms)
				SetLoadedEditorAssemblies (0ms)
				RefreshPlugins (1ms)
				BeforeProcessingInitializeOnLoad (58ms)
				ProcessInitializeOnLoadAttributes (236ms)
				ProcessInitializeOnLoadMethodAttributes (5ms)
				AfterProcessingInitializeOnLoad (5ms)
				EditorAssembliesLoaded (0ms)
			ExecutionOrderSort2 (0ms)
			AwakeInstancesAfterBackupRestoration (10ms)
Platform modules already initialized, skipping
Refreshing native plugins compatible for Editor in 0.70 ms, found 3 plugins.
Preloading 0 native plugins for Editor in 0.00 ms.
Unloading 2503 Unused Serialized files (Serialized files now loaded: 0)
System memory in use before: 117.2 MB.
System memory in use after: 117.4 MB.

Unloading 15 unused Assets to reduce memory usage. Loaded Objects now: 3051.
Total: 3.129900 ms (FindLiveObjects: 0.338000 ms CreateObjectMapping: 0.189300 ms MarkObjects: 2.580600 ms  DeleteObjects: 0.021000 ms)

AssetImportParameters requested are different than current active one (requested -> active):
  custom:framework-win-MediaFoundation: 216162199b28c13a410421893ffa2e32 -> 
  custom:video-decoder-ogg-theora: a1e56fd34408186e4bbccfd4996cb3dc -> 
  custom:container-muxer-webm: aa71ff27fc2769a1b78a27578f13a17b -> 
  custom:container-demuxer-webm: 4f35f7cbe854078d1ac9338744f61a02 -> 
  custom:container-demuxer-ogg: 62fdf1f143b41e24485cea50d1cbac27 -> 
  custom:video-encoder-webm-vp8: eb34c28f22e8b96e1ab97ce403110664 -> 
  custom:video-decoder-webm-vp8: 9c59270c3fd7afecdb556c50c9e8de78 -> 
  custom:audio-decoder-ogg-vorbis: bf7c407c2cedff20999df2af8eb42d56 -> 
  custom:audio-encoder-webm-vorbis: bf7c407c2cedff20999df2af8eb42d56 -> 
AssetImportWorkerClient::OnTransportError - code=2 error=End of file
